At time 8 process 1 started arr 8 total 3 remain 3 wait 0
At time 9 process 1 stopped arr 8 total 3 remain 2 wait 0
At time 9 process 2 started arr 8 total 10 remain 10 wait 1
At time 10 process 2 stopped arr 8 total 10 remain 9 wait 1
At time 10 process 1 resumed arr 8 total 3 remain 2 wait 0
At time 11 process 1 stopped arr 8 total 3 remain 1 wait 0
At time 11 process 2 resumed arr 8 total 10 remain 9 wait 1
At time 12 process 2 stopped arr 8 total 10 remain 8 wait 1
At time 12 process 3 started arr 10 total 14 remain 14 wait 2
At time 13 process 3 stopped arr 10 total 14 remain 13 wait 2
At time 13 process 4 started arr 10 total 24 remain 24 wait 3
At time 14 process 4 stopped arr 10 total 24 remain 23 wait 3
At time 14 process 1 resumed arr 8 total 3 remain 1 wait 0
At time 15 process 1 finished arr 8 total 3 remain 0 wait 0 TA 7 WTA 2.33
At time 15 process 2 resumed arr 8 total 10 remain 8 wait 1
At time 16 process 2 stopped arr 8 total 10 remain 7 wait 1
At time 16 process 3 resumed arr 10 total 14 remain 13 wait 2
At time 17 process 3 stopped arr 10 total 14 remain 12 wait 2
At time 17 process 4 resumed arr 10 total 24 remain 23 wait 3
At time 18 process 4 stopped arr 10 total 24 remain 22 wait 3
At time 18 process 2 resumed arr 8 total 10 remain 7 wait 1
At time 19 process 2 stopped arr 8 total 10 remain 6 wait 1
At time 19 process 3 resumed arr 10 total 14 remain 12 wait 2
At time 20 process 3 stopped arr 10 total 14 remain 11 wait 2
At time 20 process 5 started arr 18 total 24 remain 24 wait 2
At time 21 process 5 stopped arr 18 total 24 remain 23 wait 2
At time 21 process 4 resumed arr 10 total 24 remain 22 wait 3
At time 22 process 4 stopped arr 10 total 24 remain 21 wait 3
At time 22 process 2 resumed arr 8 total 10 remain 6 wait 1
At time 23 process 2 stopped arr 8 total 10 remain 5 wait 1
At time 23 process 3 resumed arr 10 total 14 remain 11 wait 2
At time 24 process 3 stopped arr 10 total 14 remain 10 wait 2
At time 24 process 6 started arr 21 total 26 remain 26 wait 3
At time 25 process 6 stopped arr 21 total 26 remain 25 wait 3
At time 25 process 5 resumed arr 18 total 24 remain 23 wait 2
At time 26 process 5 stopped arr 18 total 24 remain 22 wait 2
At time 26 process 4 resumed arr 10 total 24 remain 21 wait 3
At time 27 process 4 stopped arr 10 total 24 remain 20 wait 3
At time 27 process 2 resumed arr 8 total 10 remain 5 wait 1
At time 28 process 2 stopped arr 8 total 10 remain 4 wait 1
At time 28 process 7 started arr 23 total 17 remain 17 wait 5
At time 29 process 7 stopped arr 23 total 17 remain 16 wait 5
At time 29 process 3 resumed arr 10 total 14 remain 10 wait 2
At time 30 process 3 stopped arr 10 total 14 remain 9 wait 2
At time 30 process 6 resumed arr 21 total 26 remain 25 wait 3
At time 31 process 6 stopped arr 21 total 26 remain 24 wait 3
At time 31 process 5 resumed arr 18 total 24 remain 22 wait 2
At time 32 process 5 stopped arr 18 total 24 remain 21 wait 2
At time 32 process 8 started arr 27 total 14 remain 14 wait 5
At time 33 process 8 stopped arr 27 total 14 remain 13 wait 5
At time 33 process 4 resumed arr 10 total 24 remain 20 wait 3
At time 34 process 4 stopped arr 10 total 24 remain 19 wait 3
At time 34 process 2 resumed arr 8 total 10 remain 4 wait 1
At time 35 process 2 stopped arr 8 total 10 remain 3 wait 1
At time 35 process 7 resumed arr 23 total 17 remain 16 wait 5
At time 36 process 7 stopped arr 23 total 17 remain 15 wait 5
At time 36 process 9 started arr 30 total 15 remain 15 wait 6
At time 37 process 9 stopped arr 30 total 15 remain 14 wait 6
At time 37 process 10 started arr 30 total 25 remain 25 wait 7
At time 38 process 10 stopped arr 30 total 25 remain 24 wait 7
At time 38 process 3 resumed arr 10 total 14 remain 9 wait 2
At time 39 process 3 stopped arr 10 total 14 remain 8 wait 2
At time 39 process 6 resumed arr 21 total 26 remain 24 wait 3
At time 40 process 6 stopped arr 21 total 26 remain 23 wait 3
At time 40 process 5 resumed arr 18 total 24 remain 21 wait 2
At time 41 process 5 stopped arr 18 total 24 remain 20 wait 2
At time 41 process 8 resumed arr 27 total 14 remain 13 wait 5
At time 42 process 8 stopped arr 27 total 14 remain 12 wait 5
At time 42 process 4 resumed arr 10 total 24 remain 19 wait 3
At time 43 process 4 stopped arr 10 total 24 remain 18 wait 3
At time 43 process 2 resumed arr 8 total 10 remain 3 wait 1
At time 44 process 2 stopped arr 8 total 10 remain 2 wait 1
At time 44 process 11 started arr 36 total 23 remain 23 wait 8
At time 45 process 11 stopped arr 36 total 23 remain 22 wait 8
At time 45 process 7 resumed arr 23 total 17 remain 15 wait 5
At time 46 process 7 stopped arr 23 total 17 remain 14 wait 5
At time 46 process 9 resumed arr 30 total 15 remain 14 wait 6
At time 47 process 9 stopped arr 30 total 15 remain 13 wait 6
At time 47 process 10 resumed arr 30 total 25 remain 24 wait 7
At time 48 process 10 stopped arr 30 total 25 remain 23 wait 7
At time 48 process 3 resumed arr 10 total 14 remain 8 wait 2
At time 49 process 3 stopped arr 10 total 14 remain 7 wait 2
At time 49 process 6 resumed arr 21 total 26 remain 23 wait 3
At time 50 process 6 stopped arr 21 total 26 remain 22 wait 3
At time 50 process 5 resumed arr 18 total 24 remain 20 wait 2
At time 51 process 5 stopped arr 18 total 24 remain 19 wait 2
At time 51 process 8 resumed arr 27 total 14 remain 12 wait 5
At time 52 process 8 stopped arr 27 total 14 remain 11 wait 5
At time 52 process 4 resumed arr 10 total 24 remain 18 wait 3
At time 53 process 4 stopped arr 10 total 24 remain 17 wait 3
At time 53 process 12 started arr 43 total 4 remain 4 wait 10
At time 54 process 12 stopped arr 43 total 4 remain 3 wait 10
At time 54 process 2 resumed arr 8 total 10 remain 2 wait 1
At time 55 process 2 stopped arr 8 total 10 remain 1 wait 1
At time 55 process 11 resumed arr 36 total 23 remain 22 wait 8
At time 56 process 11 stopped arr 36 total 23 remain 21 wait 8
At time 56 process 7 resumed arr 23 total 17 remain 14 wait 5
At time 57 process 7 stopped arr 23 total 17 remain 13 wait 5
At time 57 process 9 resumed arr 30 total 15 remain 13 wait 6
At time 58 process 9 stopped arr 30 total 15 remain 12 wait 6
At time 58 process 13 started arr 47 total 19 remain 19 wait 11
At time 59 process 13 stopped arr 47 total 19 remain 18 wait 11
At time 59 process 10 resumed arr 30 total 25 remain 23 wait 7
At time 60 process 10 stopped arr 30 total 25 remain 22 wait 7
At time 60 process 3 resumed arr 10 total 14 remain 7 wait 2
At time 61 process 3 stopped arr 10 total 14 remain 6 wait 2
At time 61 process 6 resumed arr 21 total 26 remain 22 wait 3
At time 62 process 6 stopped arr 21 total 26 remain 21 wait 3
At time 62 process 5 resumed arr 18 total 24 remain 19 wait 2
At time 63 process 5 stopped arr 18 total 24 remain 18 wait 2
At time 63 process 8 resumed arr 27 total 14 remain 11 wait 5
At time 64 process 8 stopped arr 27 total 14 remain 10 wait 5
At time 64 process 4 resumed arr 10 total 24 remain 17 wait 3
At time 65 process 4 stopped arr 10 total 24 remain 16 wait 3
At time 65 process 12 resumed arr 43 total 4 remain 3 wait 10
At time 66 process 12 stopped arr 43 total 4 remain 2 wait 10
At time 66 process 2 resumed arr 8 total 10 remain 1 wait 1
At time 67 process 2 finished arr 8 total 10 remain 0 wait 1 TA 59 WTA 5.90
At time 67 process 14 started arr 56 total 15 remain 15 wait 11
At time 68 process 14 stopped arr 56 total 15 remain 14 wait 11
At time 68 process 11 resumed arr 36 total 23 remain 21 wait 8
At time 69 process 11 stopped arr 36 total 23 remain 20 wait 8
At time 69 process 7 resumed arr 23 total 17 remain 13 wait 5
At time 70 process 7 stopped arr 23 total 17 remain 12 wait 5
At time 70 process 9 resumed arr 30 total 15 remain 12 wait 6
At time 71 process 9 stopped arr 30 total 15 remain 11 wait 6
At time 71 process 13 resumed arr 47 total 19 remain 18 wait 11
At time 72 process 13 stopped arr 47 total 19 remain 17 wait 11
At time 72 process 10 resumed arr 30 total 25 remain 22 wait 7
At time 73 process 10 stopped arr 30 total 25 remain 21 wait 7
At time 73 process 3 resumed arr 10 total 14 remain 6 wait 2
At time 74 process 3 stopped arr 10 total 14 remain 5 wait 2
At time 74 process 6 resumed arr 21 total 26 remain 21 wait 3
At time 75 process 6 stopped arr 21 total 26 remain 20 wait 3
At time 75 process 5 resumed arr 18 total 24 remain 18 wait 2
At time 76 process 5 stopped arr 18 total 24 remain 17 wait 2
At time 76 process 15 started arr 64 total 7 remain 7 wait 12
At time 77 process 15 stopped arr 64 total 7 remain 6 wait 12
At time 77 process 8 resumed arr 27 total 14 remain 10 wait 5
At time 78 process 8 stopped arr 27 total 14 remain 9 wait 5
At time 78 process 4 resumed arr 10 total 24 remain 16 wait 3
At time 79 process 4 stopped arr 10 total 24 remain 15 wait 3
At time 79 process 12 resumed arr 43 total 4 remain 2 wait 10
At time 80 process 12 stopped arr 43 total 4 remain 1 wait 10
At time 80 process 16 started arr 68 total 5 remain 5 wait 12
At time 81 process 16 stopped arr 68 total 5 remain 4 wait 12
At time 81 process 14 resumed arr 56 total 15 remain 14 wait 11
At time 82 process 14 stopped arr 56 total 15 remain 13 wait 11
At time 82 process 11 resumed arr 36 total 23 remain 20 wait 8
At time 83 process 11 stopped arr 36 total 23 remain 19 wait 8
At time 83 process 7 resumed arr 23 total 17 remain 12 wait 5
At time 84 process 7 stopped arr 23 total 17 remain 11 wait 5
At time 84 process 9 resumed arr 30 total 15 remain 11 wait 6
At time 85 process 9 stopped arr 30 total 15 remain 10 wait 6
At time 85 process 13 resumed arr 47 total 19 remain 17 wait 11
At time 86 process 13 stopped arr 47 total 19 remain 16 wait 11
At time 86 process 10 resumed arr 30 total 25 remain 21 wait 7
At time 87 process 10 stopped arr 30 total 25 remain 20 wait 7
At time 87 process 3 resumed arr 10 total 14 remain 5 wait 2
At time 88 process 3 stopped arr 10 total 14 remain 4 wait 2
At time 88 process 6 resumed arr 21 total 26 remain 20 wait 3
At time 89 process 6 stopped arr 21 total 26 remain 19 wait 3
At time 89 process 17 started arr 76 total 10 remain 10 wait 13
At time 90 process 17 stopped arr 76 total 10 remain 9 wait 13
At time 90 process 5 resumed arr 18 total 24 remain 17 wait 2
At time 91 process 5 stopped arr 18 total 24 remain 16 wait 2
At time 91 process 15 resumed arr 64 total 7 remain 6 wait 12
At time 92 process 15 stopped arr 64 total 7 remain 5 wait 12
At time 92 process 8 resumed arr 27 total 14 remain 9 wait 5
At time 93 process 8 stopped arr 27 total 14 remain 8 wait 5
At time 93 process 4 resumed arr 10 total 24 remain 15 wait 3
At time 94 process 4 stopped arr 10 total 24 remain 14 wait 3
At time 94 process 12 resumed arr 43 total 4 remain 1 wait 10
At time 95 process 12 finished arr 43 total 4 remain 0 wait 10 TA 52 WTA 13.00
At time 95 process 16 resumed arr 68 total 5 remain 4 wait 12
At time 96 process 16 stopped arr 68 total 5 remain 3 wait 12
At time 96 process 14 resumed arr 56 total 15 remain 13 wait 11
At time 97 process 14 stopped arr 56 total 15 remain 12 wait 11
At time 97 process 18 started arr 83 total 11 remain 11 wait 14
At time 98 process 18 stopped arr 83 total 11 remain 10 wait 14
At time 98 process 11 resumed arr 36 total 23 remain 19 wait 8
At time 99 process 11 stopped arr 36 total 23 remain 18 wait 8
At time 99 process 7 resumed arr 23 total 17 remain 11 wait 5
At time 100 process 7 stopped arr 23 total 17 remain 10 wait 5
At time 100 process 19 started arr 84 total 15 remain 15 wait 16
At time 101 process 19 stopped arr 84 total 15 remain 14 wait 16
At time 101 process 9 resumed arr 30 total 15 remain 10 wait 6
At time 102 process 9 stopped arr 30 total 15 remain 9 wait 6
At time 102 process 13 resumed arr 47 total 19 remain 16 wait 11
At time 103 process 13 stopped arr 47 total 19 remain 15 wait 11
At time 103 process 20 started arr 87 total 3 remain 3 wait 16
At time 104 process 20 stopped arr 87 total 3 remain 2 wait 16
At time 104 process 10 resumed arr 30 total 25 remain 20 wait 7
At time 105 process 10 stopped arr 30 total 25 remain 19 wait 7
At time 105 process 3 resumed arr 10 total 14 remain 4 wait 2
At time 106 process 3 stopped arr 10 total 14 remain 3 wait 2
At time 106 process 6 resumed arr 21 total 26 remain 19 wait 3
At time 107 process 6 stopped arr 21 total 26 remain 18 wait 3
At time 107 process 17 resumed arr 76 total 10 remain 9 wait 13
At time 108 process 17 stopped arr 76 total 10 remain 8 wait 13
At time 108 process 5 resumed arr 18 total 24 remain 16 wait 2
At time 109 process 5 stopped arr 18 total 24 remain 15 wait 2
At time 109 process 15 resumed arr 64 total 7 remain 5 wait 12
At time 110 process 15 stopped arr 64 total 7 remain 4 wait 12
At time 110 process 8 resumed arr 27 total 14 remain 8 wait 5
At time 111 process 8 stopped arr 27 total 14 remain 7 wait 5
At time 111 process 4 resumed arr 10 total 24 remain 14 wait 3
At time 112 process 4 stopped arr 10 total 24 remain 13 wait 3
At time 112 process 16 resumed arr 68 total 5 remain 3 wait 12
At time 113 process 16 stopped arr 68 total 5 remain 2 wait 12
At time 113 process 14 resumed arr 56 total 15 remain 12 wait 11
At time 114 process 14 stopped arr 56 total 15 remain 11 wait 11
At time 114 process 18 resumed arr 83 total 11 remain 10 wait 14
At time 115 process 18 stopped arr 83 total 11 remain 9 wait 14
At time 115 process 11 resumed arr 36 total 23 remain 18 wait 8
At time 116 process 11 stopped arr 36 total 23 remain 17 wait 8
At time 116 process 7 resumed arr 23 total 17 remain 10 wait 5
At time 117 process 7 stopped arr 23 total 17 remain 9 wait 5
At time 117 process 19 resumed arr 84 total 15 remain 14 wait 16
At time 118 process 19 stopped arr 84 total 15 remain 13 wait 16
At time 118 process 9 resumed arr 30 total 15 remain 9 wait 6
At time 119 process 9 stopped arr 30 total 15 remain 8 wait 6
At time 119 process 13 resumed arr 47 total 19 remain 15 wait 11
At time 120 process 13 stopped arr 47 total 19 remain 14 wait 11
At time 120 process 20 resumed arr 87 total 3 remain 2 wait 16
At time 121 process 20 stopped arr 87 total 3 remain 1 wait 16
At time 121 process 10 resumed arr 30 total 25 remain 19 wait 7
At time 122 process 10 stopped arr 30 total 25 remain 18 wait 7
At time 122 process 3 resumed arr 10 total 14 remain 3 wait 2
At time 123 process 3 stopped arr 10 total 14 remain 2 wait 2
At time 123 process 6 resumed arr 21 total 26 remain 18 wait 3
At time 124 process 6 stopped arr 21 total 26 remain 17 wait 3
At time 124 process 17 resumed arr 76 total 10 remain 8 wait 13
At time 125 process 17 stopped arr 76 total 10 remain 7 wait 13
At time 125 process 5 resumed arr 18 total 24 remain 15 wait 2
At time 126 process 5 stopped arr 18 total 24 remain 14 wait 2
At time 126 process 15 resumed arr 64 total 7 remain 4 wait 12
At time 127 process 15 stopped arr 64 total 7 remain 3 wait 12
At time 127 process 8 resumed arr 27 total 14 remain 7 wait 5
At time 128 process 8 stopped arr 27 total 14 remain 6 wait 5
At time 128 process 4 resumed arr 10 total 24 remain 13 wait 3
At time 129 process 4 stopped arr 10 total 24 remain 12 wait 3
At time 129 process 16 resumed arr 68 total 5 remain 2 wait 12
At time 130 process 16 stopped arr 68 total 5 remain 1 wait 12
At time 130 process 14 resumed arr 56 total 15 remain 11 wait 11
At time 131 process 14 stopped arr 56 total 15 remain 10 wait 11
At time 131 process 18 resumed arr 83 total 11 remain 9 wait 14
At time 132 process 18 stopped arr 83 total 11 remain 8 wait 14
At time 132 process 11 resumed arr 36 total 23 remain 17 wait 8
At time 133 process 11 stopped arr 36 total 23 remain 16 wait 8
At time 133 process 7 resumed arr 23 total 17 remain 9 wait 5
At time 134 process 7 stopped arr 23 total 17 remain 8 wait 5
At time 134 process 19 resumed arr 84 total 15 remain 13 wait 16
At time 135 process 19 stopped arr 84 total 15 remain 12 wait 16
At time 135 process 9 resumed arr 30 total 15 remain 8 wait 6
At time 136 process 9 stopped arr 30 total 15 remain 7 wait 6
At time 136 process 13 resumed arr 47 total 19 remain 14 wait 11
At time 137 process 13 stopped arr 47 total 19 remain 13 wait 11
At time 137 process 20 resumed arr 87 total 3 remain 1 wait 16
At time 138 process 20 finished arr 87 total 3 remain 0 wait 16 TA 51 WTA 17.00
At time 138 process 10 resumed arr 30 total 25 remain 18 wait 7
At time 139 process 10 stopped arr 30 total 25 remain 17 wait 7
At time 139 process 3 resumed arr 10 total 14 remain 2 wait 2
At time 140 process 3 stopped arr 10 total 14 remain 1 wait 2
At time 140 process 6 resumed arr 21 total 26 remain 17 wait 3
At time 141 process 6 stopped arr 21 total 26 remain 16 wait 3
At time 141 process 17 resumed arr 76 total 10 remain 7 wait 13
At time 142 process 17 stopped arr 76 total 10 remain 6 wait 13
At time 142 process 5 resumed arr 18 total 24 remain 14 wait 2
At time 143 process 5 stopped arr 18 total 24 remain 13 wait 2
At time 143 process 15 resumed arr 64 total 7 remain 3 wait 12
At time 144 process 15 stopped arr 64 total 7 remain 2 wait 12
At time 144 process 8 resumed arr 27 total 14 remain 6 wait 5
At time 145 process 8 stopped arr 27 total 14 remain 5 wait 5
At time 145 process 4 resumed arr 10 total 24 remain 12 wait 3
At time 146 process 4 stopped arr 10 total 24 remain 11 wait 3
At time 146 process 16 resumed arr 68 total 5 remain 1 wait 12
At time 147 process 16 finished arr 68 total 5 remain 0 wait 12 TA 79 WTA 15.80
At time 147 process 14 resumed arr 56 total 15 remain 10 wait 11
At time 148 process 14 stopped arr 56 total 15 remain 9 wait 11
At time 148 process 30 started arr 131 total 8 remain 8 wait 17
At time 149 process 30 stopped arr 131 total 8 remain 7 wait 17
At time 149 process 18 resumed arr 83 total 11 remain 8 wait 14
At time 150 process 18 stopped arr 83 total 11 remain 7 wait 14
At time 150 process 11 resumed arr 36 total 23 remain 16 wait 8
At time 151 process 11 stopped arr 36 total 23 remain 15 wait 8
At time 151 process 7 resumed arr 23 total 17 remain 8 wait 5
At time 152 process 7 stopped arr 23 total 17 remain 7 wait 5
At time 152 process 19 resumed arr 84 total 15 remain 12 wait 16
At time 153 process 19 stopped arr 84 total 15 remain 11 wait 16
At time 153 process 9 resumed arr 30 total 15 remain 7 wait 6
At time 154 process 9 stopped arr 30 total 15 remain 6 wait 6
At time 154 process 13 resumed arr 47 total 19 remain 13 wait 11
At time 155 process 13 stopped arr 47 total 19 remain 12 wait 11
At time 155 process 21 started arr 93 total 12 remain 12 wait 62
At time 156 process 21 stopped arr 93 total 12 remain 11 wait 62
At time 156 process 26 started arr 124 total 25 remain 25 wait 32
At time 157 process 26 stopped arr 124 total 25 remain 24 wait 32
At time 157 process 27 started arr 129 total 9 remain 9 wait 28
At time 158 process 27 stopped arr 129 total 9 remain 8 wait 28
At time 158 process 28 started arr 129 total 10 remain 10 wait 29
At time 159 process 28 stopped arr 129 total 10 remain 9 wait 29
At time 159 process 29 started arr 130 total 23 remain 23 wait 29
At time 160 process 29 stopped arr 130 total 23 remain 22 wait 29
At time 160 process 31 started arr 132 total 4 remain 4 wait 28
At time 161 process 31 stopped arr 132 total 4 remain 3 wait 28
At time 161 process 10 resumed arr 30 total 25 remain 17 wait 7
At time 162 process 10 stopped arr 30 total 25 remain 16 wait 7
At time 162 process 3 resumed arr 10 total 14 remain 1 wait 2
At time 163 process 3 finished arr 10 total 14 remain 0 wait 2 TA 153 WTA 10.93
At time 163 process 6 resumed arr 21 total 26 remain 16 wait 3
At time 164 process 6 stopped arr 21 total 26 remain 15 wait 3
At time 164 process 17 resumed arr 76 total 10 remain 6 wait 13
At time 165 process 17 stopped arr 76 total 10 remain 5 wait 13
At time 165 process 5 resumed arr 18 total 24 remain 13 wait 2
At time 166 process 5 stopped arr 18 total 24 remain 12 wait 2
At time 166 process 15 resumed arr 64 total 7 remain 2 wait 12
At time 167 process 15 stopped arr 64 total 7 remain 1 wait 12
At time 167 process 8 resumed arr 27 total 14 remain 5 wait 5
At time 168 process 8 stopped arr 27 total 14 remain 4 wait 5
At time 168 process 4 resumed arr 10 total 24 remain 11 wait 3
At time 169 process 4 stopped arr 10 total 24 remain 10 wait 3
At time 169 process 14 resumed arr 56 total 15 remain 9 wait 11
At time 170 process 14 stopped arr 56 total 15 remain 8 wait 11
At time 170 process 30 resumed arr 131 total 8 remain 7 wait 17
At time 171 process 30 stopped arr 131 total 8 remain 6 wait 17
At time 171 process 18 resumed arr 83 total 11 remain 7 wait 14
At time 172 process 18 stopped arr 83 total 11 remain 6 wait 14
At time 172 process 11 resumed arr 36 total 23 remain 15 wait 8
At time 173 process 11 stopped arr 36 total 23 remain 14 wait 8
At time 173 process 7 resumed arr 23 total 17 remain 7 wait 5
At time 174 process 7 stopped arr 23 total 17 remain 6 wait 5
At time 174 process 19 resumed arr 84 total 15 remain 11 wait 16
At time 175 process 19 stopped arr 84 total 15 remain 10 wait 16
At time 175 process 9 resumed arr 30 total 15 remain 6 wait 6
At time 176 process 9 stopped arr 30 total 15 remain 5 wait 6
At time 176 process 13 resumed arr 47 total 19 remain 12 wait 11
At time 177 process 13 stopped arr 47 total 19 remain 11 wait 11
At time 177 process 21 resumed arr 93 total 12 remain 11 wait 62
At time 178 process 21 stopped arr 93 total 12 remain 10 wait 62
At time 178 process 26 resumed arr 124 total 25 remain 24 wait 32
At time 179 process 26 stopped arr 124 total 25 remain 23 wait 32
At time 179 process 27 resumed arr 129 total 9 remain 8 wait 28
At time 180 process 27 stopped arr 129 total 9 remain 7 wait 28
At time 180 process 28 resumed arr 129 total 10 remain 9 wait 29
At time 181 process 28 stopped arr 129 total 10 remain 8 wait 29
At time 181 process 29 resumed arr 130 total 23 remain 22 wait 29
At time 182 process 29 stopped arr 130 total 23 remain 21 wait 29
At time 182 process 32 started arr 141 total 10 remain 10 wait 41
At time 183 process 32 stopped arr 141 total 10 remain 9 wait 41
At time 183 process 31 resumed arr 132 total 4 remain 3 wait 28
At time 184 process 31 stopped arr 132 total 4 remain 2 wait 28
At time 184 process 34 started arr 161 total 26 remain 26 wait 23
At time 185 process 34 stopped arr 161 total 26 remain 25 wait 23
At time 185 process 22 started arr 95 total 17 remain 17 wait 90
At time 186 process 22 stopped arr 95 total 17 remain 16 wait 90
At time 186 process 23 started arr 102 total 16 remain 16 wait 84
At time 187 process 23 stopped arr 102 total 16 remain 15 wait 84
At time 187 process 33 started arr 151 total 7 remain 7 wait 36
At time 188 process 33 stopped arr 151 total 7 remain 6 wait 36
At time 188 process 24 started arr 107 total 11 remain 11 wait 81
At time 189 process 24 stopped arr 107 total 11 remain 10 wait 81
At time 189 process 25 started arr 114 total 11 remain 11 wait 75
At time 190 process 25 stopped arr 114 total 11 remain 10 wait 75
At time 190 process 10 resumed arr 30 total 25 remain 16 wait 7
At time 191 process 10 stopped arr 30 total 25 remain 15 wait 7
At time 191 process 6 resumed arr 21 total 26 remain 15 wait 3
At time 192 process 6 stopped arr 21 total 26 remain 14 wait 3
At time 192 process 17 resumed arr 76 total 10 remain 5 wait 13
At time 193 process 17 stopped arr 76 total 10 remain 4 wait 13
At time 193 process 5 resumed arr 18 total 24 remain 12 wait 2
At time 194 process 5 stopped arr 18 total 24 remain 11 wait 2
At time 194 process 15 resumed arr 64 total 7 remain 1 wait 12
At time 195 process 15 finished arr 64 total 7 remain 0 wait 12 TA 131 WTA 18.71
At time 195 process 8 resumed arr 27 total 14 remain 4 wait 5
At time 196 process 8 stopped arr 27 total 14 remain 3 wait 5
At time 196 process 4 resumed arr 10 total 24 remain 10 wait 3
At time 197 process 4 stopped arr 10 total 24 remain 9 wait 3
At time 197 process 14 resumed arr 56 total 15 remain 8 wait 11
At time 198 process 14 stopped arr 56 total 15 remain 7 wait 11
At time 198 process 35 started arr 170 total 18 remain 18 wait 28
At time 199 process 35 stopped arr 170 total 18 remain 17 wait 28
At time 199 process 30 resumed arr 131 total 8 remain 6 wait 17
At time 200 process 30 stopped arr 131 total 8 remain 5 wait 17
At time 200 process 18 resumed arr 83 total 11 remain 6 wait 14
At time 201 process 18 stopped arr 83 total 11 remain 5 wait 14
At time 201 process 11 resumed arr 36 total 23 remain 14 wait 8
At time 202 process 11 stopped arr 36 total 23 remain 13 wait 8
At time 202 process 7 resumed arr 23 total 17 remain 6 wait 5
At time 203 process 7 stopped arr 23 total 17 remain 5 wait 5
At time 203 process 36 started arr 175 total 14 remain 14 wait 28
At time 204 process 36 stopped arr 175 total 14 remain 13 wait 28
At time 204 process 19 resumed arr 84 total 15 remain 10 wait 16
At time 205 process 19 stopped arr 84 total 15 remain 9 wait 16
At time 205 process 9 resumed arr 30 total 15 remain 5 wait 6
At time 206 process 9 stopped arr 30 total 15 remain 4 wait 6
At time 206 process 13 resumed arr 47 total 19 remain 11 wait 11
At time 207 process 13 stopped arr 47 total 19 remain 10 wait 11
At time 207 process 21 resumed arr 93 total 12 remain 10 wait 62
At time 208 process 21 stopped arr 93 total 12 remain 9 wait 62
At time 208 process 26 resumed arr 124 total 25 remain 23 wait 32
At time 209 process 26 stopped arr 124 total 25 remain 22 wait 32
At time 209 process 27 resumed arr 129 total 9 remain 7 wait 28
At time 210 process 27 stopped arr 129 total 9 remain 6 wait 28
At time 210 process 37 started arr 181 total 26 remain 26 wait 29
At time 211 process 37 stopped arr 181 total 26 remain 25 wait 29
At time 211 process 28 resumed arr 129 total 10 remain 8 wait 29
At time 212 process 28 stopped arr 129 total 10 remain 7 wait 29
At time 212 process 29 resumed arr 130 total 23 remain 21 wait 29
At time 213 process 29 stopped arr 130 total 23 remain 20 wait 29
At time 213 process 32 resumed arr 141 total 10 remain 9 wait 41
At time 214 process 32 stopped arr 141 total 10 remain 8 wait 41
At time 214 process 38 started arr 184 total 28 remain 28 wait 30
At time 215 process 38 stopped arr 184 total 28 remain 27 wait 30
At time 215 process 31 resumed arr 132 total 4 remain 2 wait 28
At time 216 process 31 stopped arr 132 total 4 remain 1 wait 28
At time 216 process 34 resumed arr 161 total 26 remain 25 wait 23
At time 217 process 34 stopped arr 161 total 26 remain 24 wait 23
At time 217 process 22 resumed arr 95 total 17 remain 16 wait 90
At time 218 process 22 stopped arr 95 total 17 remain 15 wait 90
At time 218 process 23 resumed arr 102 total 16 remain 15 wait 84
At time 219 process 23 stopped arr 102 total 16 remain 14 wait 84
At time 219 process 33 resumed arr 151 total 7 remain 6 wait 36
At time 220 process 33 stopped arr 151 total 7 remain 5 wait 36
At time 220 process 24 resumed arr 107 total 11 remain 10 wait 81
At time 221 process 24 stopped arr 107 total 11 remain 9 wait 81
At time 221 process 25 resumed arr 114 total 11 remain 10 wait 75
At time 222 process 25 stopped arr 114 total 11 remain 9 wait 75
At time 222 process 10 resumed arr 30 total 25 remain 15 wait 7
At time 223 process 10 stopped arr 30 total 25 remain 14 wait 7
At time 223 process 6 resumed arr 21 total 26 remain 14 wait 3
At time 224 process 6 stopped arr 21 total 26 remain 13 wait 3
At time 224 process 39 started arr 192 total 28 remain 28 wait 32
At time 225 process 39 stopped arr 192 total 28 remain 27 wait 32
At time 225 process 17 resumed arr 76 total 10 remain 4 wait 13
At time 226 process 17 stopped arr 76 total 10 remain 3 wait 13
At time 226 process 5 resumed arr 18 total 24 remain 11 wait 2
At time 227 process 5 stopped arr 18 total 24 remain 10 wait 2
At time 227 process 8 resumed arr 27 total 14 remain 3 wait 5
At time 228 process 8 stopped arr 27 total 14 remain 2 wait 5
At time 228 process 4 resumed arr 10 total 24 remain 9 wait 3
At time 229 process 4 stopped arr 10 total 24 remain 8 wait 3
At time 229 process 14 resumed arr 56 total 15 remain 7 wait 11
At time 230 process 14 stopped arr 56 total 15 remain 6 wait 11
At time 230 process 40 started arr 198 total 12 remain 12 wait 32
At time 231 process 40 stopped arr 198 total 12 remain 11 wait 32
At time 231 process 35 resumed arr 170 total 18 remain 17 wait 28
At time 232 process 35 stopped arr 170 total 18 remain 16 wait 28
At time 232 process 30 resumed arr 131 total 8 remain 5 wait 17
At time 233 process 30 stopped arr 131 total 8 remain 4 wait 17
At time 233 process 18 resumed arr 83 total 11 remain 5 wait 14
At time 234 process 18 stopped arr 83 total 11 remain 4 wait 14
At time 234 process 11 resumed arr 36 total 23 remain 13 wait 8
At time 235 process 11 stopped arr 36 total 23 remain 12 wait 8
At time 235 process 7 resumed arr 23 total 17 remain 5 wait 5
At time 236 process 7 stopped arr 23 total 17 remain 4 wait 5
At time 236 process 42 started arr 204 total 5 remain 5 wait 32
At time 237 process 42 stopped arr 204 total 5 remain 4 wait 32
At time 237 process 36 resumed arr 175 total 14 remain 13 wait 28
At time 238 process 36 stopped arr 175 total 14 remain 12 wait 28
At time 238 process 41 started arr 203 total 14 remain 14 wait 35
At time 239 process 41 stopped arr 203 total 14 remain 13 wait 35
At time 239 process 19 resumed arr 84 total 15 remain 9 wait 16
At time 240 process 19 stopped arr 84 total 15 remain 8 wait 16
At time 240 process 9 resumed arr 30 total 15 remain 4 wait 6
At time 241 process 9 stopped arr 30 total 15 remain 3 wait 6
At time 241 process 13 resumed arr 47 total 19 remain 10 wait 11
At time 242 process 13 stopped arr 47 total 19 remain 9 wait 11
At time 242 process 21 resumed arr 93 total 12 remain 9 wait 62
At time 243 process 21 stopped arr 93 total 12 remain 8 wait 62
At time 243 process 26 resumed arr 124 total 25 remain 22 wait 32
At time 244 process 26 stopped arr 124 total 25 remain 21 wait 32
At time 244 process 27 resumed arr 129 total 9 remain 6 wait 28
At time 245 process 27 stopped arr 129 total 9 remain 5 wait 28
At time 245 process 37 resumed arr 181 total 26 remain 25 wait 29
At time 246 process 37 stopped arr 181 total 26 remain 24 wait 29
At time 246 process 43 started arr 211 total 27 remain 27 wait 35
At time 247 process 43 stopped arr 211 total 27 remain 26 wait 35
At time 247 process 28 resumed arr 129 total 10 remain 7 wait 29
At time 248 process 28 stopped arr 129 total 10 remain 6 wait 29
At time 248 process 29 resumed arr 130 total 23 remain 20 wait 29
At time 249 process 29 stopped arr 130 total 23 remain 19 wait 29
At time 249 process 32 resumed arr 141 total 10 remain 8 wait 41
At time 250 process 32 stopped arr 141 total 10 remain 7 wait 41
At time 250 process 38 resumed arr 184 total 28 remain 27 wait 30
At time 251 process 38 stopped arr 184 total 28 remain 26 wait 30
At time 251 process 31 resumed arr 132 total 4 remain 1 wait 28
At time 252 process 31 finished arr 132 total 4 remain 0 wait 28 TA 120 WTA 30.00
At time 252 process 34 resumed arr 161 total 26 remain 24 wait 23
At time 253 process 34 stopped arr 161 total 26 remain 23 wait 23
At time 253 process 22 resumed arr 95 total 17 remain 15 wait 90
At time 254 process 22 stopped arr 95 total 17 remain 14 wait 90
At time 254 process 45 started arr 219 total 13 remain 13 wait 35
At time 255 process 45 stopped arr 219 total 13 remain 12 wait 35
At time 255 process 23 resumed arr 102 total 16 remain 14 wait 84
At time 256 process 23 stopped arr 102 total 16 remain 13 wait 84
At time 256 process 44 started arr 219 total 25 remain 25 wait 37
At time 257 process 44 stopped arr 219 total 25 remain 24 wait 37
At time 257 process 33 resumed arr 151 total 7 remain 5 wait 36
At time 258 process 33 stopped arr 151 total 7 remain 4 wait 36
At time 258 process 24 resumed arr 107 total 11 remain 9 wait 81
At time 259 process 24 stopped arr 107 total 11 remain 8 wait 81
At time 259 process 25 resumed arr 114 total 11 remain 9 wait 75
At time 260 process 25 stopped arr 114 total 11 remain 8 wait 75
At time 260 process 10 resumed arr 30 total 25 remain 14 wait 7
At time 261 process 10 stopped arr 30 total 25 remain 13 wait 7
At time 261 process 6 resumed arr 21 total 26 remain 13 wait 3
At time 262 process 6 stopped arr 21 total 26 remain 12 wait 3
At time 262 process 39 resumed arr 192 total 28 remain 27 wait 32
At time 263 process 39 stopped arr 192 total 28 remain 26 wait 32
At time 263 process 46 started arr 225 total 6 remain 6 wait 38
At time 264 process 46 stopped arr 225 total 6 remain 5 wait 38
At time 264 process 17 resumed arr 76 total 10 remain 3 wait 13
At time 265 process 17 stopped arr 76 total 10 remain 2 wait 13
At time 265 process 5 resumed arr 18 total 24 remain 10 wait 2
At time 266 process 5 stopped arr 18 total 24 remain 9 wait 2
At time 266 process 8 resumed arr 27 total 14 remain 2 wait 5
At time 267 process 8 stopped arr 27 total 14 remain 1 wait 5
At time 267 process 4 resumed arr 10 total 24 remain 8 wait 3
At time 268 process 4 stopped arr 10 total 24 remain 7 wait 3
At time 268 process 14 resumed arr 56 total 15 remain 6 wait 11
At time 269 process 14 stopped arr 56 total 15 remain 5 wait 11
At time 269 process 47 started arr 230 total 11 remain 11 wait 39
At time 270 process 47 stopped arr 230 total 11 remain 10 wait 39
At time 270 process 40 resumed arr 198 total 12 remain 11 wait 32
At time 271 process 40 stopped arr 198 total 12 remain 10 wait 32
At time 271 process 35 resumed arr 170 total 18 remain 16 wait 28
At time 272 process 35 stopped arr 170 total 18 remain 15 wait 28
At time 272 process 30 resumed arr 131 total 8 remain 4 wait 17
At time 273 process 30 stopped arr 131 total 8 remain 3 wait 17
At time 273 process 18 resumed arr 83 total 11 remain 4 wait 14
At time 274 process 18 stopped arr 83 total 11 remain 3 wait 14
At time 274 process 11 resumed arr 36 total 23 remain 12 wait 8
At time 275 process 11 stopped arr 36 total 23 remain 11 wait 8
At time 275 process 7 resumed arr 23 total 17 remain 4 wait 5
At time 276 process 7 stopped arr 23 total 17 remain 3 wait 5
At time 276 process 42 resumed arr 204 total 5 remain 4 wait 32
At time 277 process 42 stopped arr 204 total 5 remain 3 wait 32
At time 277 process 36 resumed arr 175 total 14 remain 12 wait 28
At time 278 process 36 stopped arr 175 total 14 remain 11 wait 28
At time 278 process 41 resumed arr 203 total 14 remain 13 wait 35
At time 279 process 41 stopped arr 203 total 14 remain 12 wait 35
At time 279 process 19 resumed arr 84 total 15 remain 8 wait 16
At time 280 process 19 stopped arr 84 total 15 remain 7 wait 16
At time 280 process 48 started arr 240 total 3 remain 3 wait 40
At time 281 process 48 stopped arr 240 total 3 remain 2 wait 40
At time 281 process 49 started arr 240 total 29 remain 29 wait 41
At time 282 process 49 stopped arr 240 total 29 remain 28 wait 41
At time 282 process 9 resumed arr 30 total 15 remain 3 wait 6
At time 283 process 9 stopped arr 30 total 15 remain 2 wait 6
At time 283 process 13 resumed arr 47 total 19 remain 9 wait 11
At time 284 process 13 stopped arr 47 total 19 remain 8 wait 11
At time 284 process 21 resumed arr 93 total 12 remain 8 wait 62
At time 285 process 21 stopped arr 93 total 12 remain 7 wait 62
At time 285 process 50 started arr 243 total 25 remain 25 wait 42
At time 286 process 50 stopped arr 243 total 25 remain 24 wait 42
At time 286 process 26 resumed arr 124 total 25 remain 21 wait 32
At time 287 process 26 stopped arr 124 total 25 remain 20 wait 32
At time 287 process 27 resumed arr 129 total 9 remain 5 wait 28
At time 288 process 27 stopped arr 129 total 9 remain 4 wait 28
At time 288 process 37 resumed arr 181 total 26 remain 24 wait 29
At time 289 process 37 stopped arr 181 total 26 remain 23 wait 29
At time 289 process 43 resumed arr 211 total 27 remain 26 wait 35
At time 290 process 43 stopped arr 211 total 27 remain 25 wait 35
At time 290 process 28 resumed arr 129 total 10 remain 6 wait 29
At time 291 process 28 stopped arr 129 total 10 remain 5 wait 29
At time 291 process 29 resumed arr 130 total 23 remain 19 wait 29
At time 292 process 29 stopped arr 130 total 23 remain 18 wait 29
At time 292 process 32 resumed arr 141 total 10 remain 7 wait 41
At time 293 process 32 stopped arr 141 total 10 remain 6 wait 41
At time 293 process 38 resumed arr 184 total 28 remain 26 wait 30
At time 294 process 38 stopped arr 184 total 28 remain 25 wait 30
At time 294 process 34 resumed arr 161 total 26 remain 23 wait 23
At time 295 process 34 stopped arr 161 total 26 remain 22 wait 23
At time 295 process 22 resumed arr 95 total 17 remain 14 wait 90
At time 296 process 22 stopped arr 95 total 17 remain 13 wait 90
At time 296 process 45 resumed arr 219 total 13 remain 12 wait 35
At time 297 process 45 stopped arr 219 total 13 remain 11 wait 35
At time 297 process 23 resumed arr 102 total 16 remain 13 wait 84
At time 298 process 23 stopped arr 102 total 16 remain 12 wait 84
At time 298 process 44 resumed arr 219 total 25 remain 24 wait 37
At time 299 process 44 stopped arr 219 total 25 remain 23 wait 37
At time 299 process 33 resumed arr 151 total 7 remain 4 wait 36
At time 300 process 33 stopped arr 151 total 7 remain 3 wait 36
At time 300 process 24 resumed arr 107 total 11 remain 8 wait 81
At time 301 process 24 stopped arr 107 total 11 remain 7 wait 81
At time 301 process 25 resumed arr 114 total 11 remain 8 wait 75
At time 302 process 25 stopped arr 114 total 11 remain 7 wait 75
At time 302 process 10 resumed arr 30 total 25 remain 13 wait 7
At time 303 process 10 stopped arr 30 total 25 remain 12 wait 7
At time 303 process 6 resumed arr 21 total 26 remain 12 wait 3
At time 304 process 6 stopped arr 21 total 26 remain 11 wait 3
At time 304 process 39 resumed arr 192 total 28 remain 26 wait 32
At time 305 process 39 stopped arr 192 total 28 remain 25 wait 32
At time 305 process 46 resumed arr 225 total 6 remain 5 wait 38
At time 306 process 46 stopped arr 225 total 6 remain 4 wait 38
At time 306 process 17 resumed arr 76 total 10 remain 2 wait 13
At time 307 process 17 stopped arr 76 total 10 remain 1 wait 13
At time 307 process 5 resumed arr 18 total 24 remain 9 wait 2
At time 308 process 5 stopped arr 18 total 24 remain 8 wait 2
At time 308 process 8 resumed arr 27 total 14 remain 1 wait 5
At time 309 process 8 finished arr 27 total 14 remain 0 wait 5 TA 282 WTA 20.14
At time 309 process 4 resumed arr 10 total 24 remain 7 wait 3
At time 310 process 4 stopped arr 10 total 24 remain 6 wait 3
At time 310 process 14 resumed arr 56 total 15 remain 5 wait 11
At time 311 process 14 stopped arr 56 total 15 remain 4 wait 11
At time 311 process 47 resumed arr 230 total 11 remain 10 wait 39
At time 312 process 47 stopped arr 230 total 11 remain 9 wait 39
At time 312 process 40 resumed arr 198 total 12 remain 10 wait 32
At time 313 process 40 stopped arr 198 total 12 remain 9 wait 32
At time 313 process 35 resumed arr 170 total 18 remain 15 wait 28
At time 314 process 35 stopped arr 170 total 18 remain 14 wait 28
At time 314 process 30 resumed arr 131 total 8 remain 3 wait 17
At time 315 process 30 stopped arr 131 total 8 remain 2 wait 17
At time 315 process 18 resumed arr 83 total 11 remain 3 wait 14
At time 316 process 18 stopped arr 83 total 11 remain 2 wait 14
At time 316 process 11 resumed arr 36 total 23 remain 11 wait 8
At time 317 process 11 stopped arr 36 total 23 remain 10 wait 8
At time 317 process 7 resumed arr 23 total 17 remain 3 wait 5
At time 318 process 7 stopped arr 23 total 17 remain 2 wait 5
At time 318 process 42 resumed arr 204 total 5 remain 3 wait 32
At time 319 process 42 stopped arr 204 total 5 remain 2 wait 32
At time 319 process 36 resumed arr 175 total 14 remain 11 wait 28
At time 320 process 36 stopped arr 175 total 14 remain 10 wait 28
At time 320 process 41 resumed arr 203 total 14 remain 12 wait 35
At time 321 process 41 stopped arr 203 total 14 remain 11 wait 35
At time 321 process 19 resumed arr 84 total 15 remain 7 wait 16
At time 322 process 19 stopped arr 84 total 15 remain 6 wait 16
At time 322 process 48 resumed arr 240 total 3 remain 2 wait 40
At time 323 process 48 stopped arr 240 total 3 remain 1 wait 40
At time 323 process 49 resumed arr 240 total 29 remain 28 wait 41
At time 324 process 49 stopped arr 240 total 29 remain 27 wait 41
At time 324 process 9 resumed arr 30 total 15 remain 2 wait 6
At time 325 process 9 stopped arr 30 total 15 remain 1 wait 6
At time 325 process 13 resumed arr 47 total 19 remain 8 wait 11
At time 326 process 13 stopped arr 47 total 19 remain 7 wait 11
At time 326 process 21 resumed arr 93 total 12 remain 7 wait 62
At time 327 process 21 stopped arr 93 total 12 remain 6 wait 62
At time 327 process 50 resumed arr 243 total 25 remain 24 wait 42
At time 328 process 50 stopped arr 243 total 25 remain 23 wait 42
At time 328 process 26 resumed arr 124 total 25 remain 20 wait 32
At time 329 process 26 stopped arr 124 total 25 remain 19 wait 32
At time 329 process 27 resumed arr 129 total 9 remain 4 wait 28
At time 330 process 27 stopped arr 129 total 9 remain 3 wait 28
At time 330 process 37 resumed arr 181 total 26 remain 23 wait 29
At time 331 process 37 stopped arr 181 total 26 remain 22 wait 29
At time 331 process 43 resumed arr 211 total 27 remain 25 wait 35
At time 332 process 43 stopped arr 211 total 27 remain 24 wait 35
At time 332 process 28 resumed arr 129 total 10 remain 5 wait 29
At time 333 process 28 stopped arr 129 total 10 remain 4 wait 29
At time 333 process 29 resumed arr 130 total 23 remain 18 wait 29
At time 334 process 29 stopped arr 130 total 23 remain 17 wait 29
At time 334 process 32 resumed arr 141 total 10 remain 6 wait 41
At time 335 process 32 stopped arr 141 total 10 remain 5 wait 41
At time 335 process 38 resumed arr 184 total 28 remain 25 wait 30
At time 336 process 38 stopped arr 184 total 28 remain 24 wait 30
At time 336 process 34 resumed arr 161 total 26 remain 22 wait 23
At time 337 process 34 stopped arr 161 total 26 remain 21 wait 23
At time 337 process 22 resumed arr 95 total 17 remain 13 wait 90
At time 338 process 22 stopped arr 95 total 17 remain 12 wait 90
At time 338 process 45 resumed arr 219 total 13 remain 11 wait 35
At time 339 process 45 stopped arr 219 total 13 remain 10 wait 35
At time 339 process 23 resumed arr 102 total 16 remain 12 wait 84
At time 340 process 23 stopped arr 102 total 16 remain 11 wait 84
At time 340 process 44 resumed arr 219 total 25 remain 23 wait 37
At time 341 process 44 stopped arr 219 total 25 remain 22 wait 37
At time 341 process 33 resumed arr 151 total 7 remain 3 wait 36
At time 342 process 33 stopped arr 151 total 7 remain 2 wait 36
At time 342 process 24 resumed arr 107 total 11 remain 7 wait 81
At time 343 process 24 stopped arr 107 total 11 remain 6 wait 81
At time 343 process 25 resumed arr 114 total 11 remain 7 wait 75
At time 344 process 25 stopped arr 114 total 11 remain 6 wait 75
At time 344 process 10 resumed arr 30 total 25 remain 12 wait 7
At time 345 process 10 stopped arr 30 total 25 remain 11 wait 7
At time 345 process 6 resumed arr 21 total 26 remain 11 wait 3
At time 346 process 6 stopped arr 21 total 26 remain 10 wait 3
At time 346 process 39 resumed arr 192 total 28 remain 25 wait 32
At time 347 process 39 stopped arr 192 total 28 remain 24 wait 32
At time 347 process 46 resumed arr 225 total 6 remain 4 wait 38
At time 348 process 46 stopped arr 225 total 6 remain 3 wait 38
At time 348 process 17 resumed arr 76 total 10 remain 1 wait 13
At time 349 process 17 finished arr 76 total 10 remain 0 wait 13 TA 273 WTA 27.30
At time 349 process 5 resumed arr 18 total 24 remain 8 wait 2
At time 350 process 5 stopped arr 18 total 24 remain 7 wait 2
At time 350 process 4 resumed arr 10 total 24 remain 6 wait 3
At time 351 process 4 stopped arr 10 total 24 remain 5 wait 3
At time 351 process 14 resumed arr 56 total 15 remain 4 wait 11
At time 352 process 14 stopped arr 56 total 15 remain 3 wait 11
At time 352 process 47 resumed arr 230 total 11 remain 9 wait 39
At time 353 process 47 stopped arr 230 total 11 remain 8 wait 39
At time 353 process 40 resumed arr 198 total 12 remain 9 wait 32
At time 354 process 40 stopped arr 198 total 12 remain 8 wait 32
At time 354 process 35 resumed arr 170 total 18 remain 14 wait 28
At time 355 process 35 stopped arr 170 total 18 remain 13 wait 28
At time 355 process 30 resumed arr 131 total 8 remain 2 wait 17
At time 356 process 30 stopped arr 131 total 8 remain 1 wait 17
At time 356 process 18 resumed arr 83 total 11 remain 2 wait 14
At time 357 process 18 stopped arr 83 total 11 remain 1 wait 14
At time 357 process 11 resumed arr 36 total 23 remain 10 wait 8
At time 358 process 11 stopped arr 36 total 23 remain 9 wait 8
At time 358 process 7 resumed arr 23 total 17 remain 2 wait 5
At time 359 process 7 stopped arr 23 total 17 remain 1 wait 5
At time 359 process 42 resumed arr 204 total 5 remain 2 wait 32
At time 360 process 42 stopped arr 204 total 5 remain 1 wait 32
At time 360 process 36 resumed arr 175 total 14 remain 10 wait 28
At time 361 process 36 stopped arr 175 total 14 remain 9 wait 28
At time 361 process 41 resumed arr 203 total 14 remain 11 wait 35
At time 362 process 41 stopped arr 203 total 14 remain 10 wait 35
At time 362 process 19 resumed arr 84 total 15 remain 6 wait 16
At time 363 process 19 stopped arr 84 total 15 remain 5 wait 16
At time 363 process 48 resumed arr 240 total 3 remain 1 wait 40
At time 364 process 48 finished arr 240 total 3 remain 0 wait 40 TA 124 WTA 41.33
At time 364 process 49 resumed arr 240 total 29 remain 27 wait 41
At time 365 process 49 stopped arr 240 total 29 remain 26 wait 41
At time 365 process 9 resumed arr 30 total 15 remain 1 wait 6
At time 366 process 9 finished arr 30 total 15 remain 0 wait 6 TA 336 WTA 22.40
At time 366 process 13 resumed arr 47 total 19 remain 7 wait 11
At time 367 process 13 stopped arr 47 total 19 remain 6 wait 11
At time 367 process 21 resumed arr 93 total 12 remain 6 wait 62
At time 368 process 21 stopped arr 93 total 12 remain 5 wait 62
At time 368 process 50 resumed arr 243 total 25 remain 23 wait 42
At time 369 process 50 stopped arr 243 total 25 remain 22 wait 42
At time 369 process 26 resumed arr 124 total 25 remain 19 wait 32
At time 370 process 26 stopped arr 124 total 25 remain 18 wait 32
At time 370 process 27 resumed arr 129 total 9 remain 3 wait 28
At time 371 process 27 stopped arr 129 total 9 remain 2 wait 28
At time 371 process 37 resumed arr 181 total 26 remain 22 wait 29
At time 372 process 37 stopped arr 181 total 26 remain 21 wait 29
At time 372 process 43 resumed arr 211 total 27 remain 24 wait 35
At time 373 process 43 stopped arr 211 total 27 remain 23 wait 35
At time 373 process 28 resumed arr 129 total 10 remain 4 wait 29
At time 374 process 28 stopped arr 129 total 10 remain 3 wait 29
At time 374 process 29 resumed arr 130 total 23 remain 17 wait 29
At time 375 process 29 stopped arr 130 total 23 remain 16 wait 29
At time 375 process 32 resumed arr 141 total 10 remain 5 wait 41
At time 376 process 32 stopped arr 141 total 10 remain 4 wait 41
At time 376 process 38 resumed arr 184 total 28 remain 24 wait 30
At time 377 process 38 stopped arr 184 total 28 remain 23 wait 30
At time 377 process 34 resumed arr 161 total 26 remain 21 wait 23
At time 378 process 34 stopped arr 161 total 26 remain 20 wait 23
At time 378 process 22 resumed arr 95 total 17 remain 12 wait 90
At time 379 process 22 stopped arr 95 total 17 remain 11 wait 90
At time 379 process 45 resumed arr 219 total 13 remain 10 wait 35
At time 380 process 45 stopped arr 219 total 13 remain 9 wait 35
At time 380 process 23 resumed arr 102 total 16 remain 11 wait 84
At time 381 process 23 stopped arr 102 total 16 remain 10 wait 84
At time 381 process 44 resumed arr 219 total 25 remain 22 wait 37
At time 382 process 44 stopped arr 219 total 25 remain 21 wait 37
At time 382 process 33 resumed arr 151 total 7 remain 2 wait 36
At time 383 process 33 stopped arr 151 total 7 remain 1 wait 36
At time 383 process 24 resumed arr 107 total 11 remain 6 wait 81
At time 384 process 24 stopped arr 107 total 11 remain 5 wait 81
At time 384 process 25 resumed arr 114 total 11 remain 6 wait 75
At time 385 process 25 stopped arr 114 total 11 remain 5 wait 75
At time 385 process 10 resumed arr 30 total 25 remain 11 wait 7
At time 386 process 10 stopped arr 30 total 25 remain 10 wait 7
At time 386 process 6 resumed arr 21 total 26 remain 10 wait 3
At time 387 process 6 stopped arr 21 total 26 remain 9 wait 3
At time 387 process 39 resumed arr 192 total 28 remain 24 wait 32
At time 388 process 39 stopped arr 192 total 28 remain 23 wait 32
At time 388 process 46 resumed arr 225 total 6 remain 3 wait 38
At time 389 process 46 stopped arr 225 total 6 remain 2 wait 38
At time 389 process 5 resumed arr 18 total 24 remain 7 wait 2
At time 390 process 5 stopped arr 18 total 24 remain 6 wait 2
At time 390 process 4 resumed arr 10 total 24 remain 5 wait 3
At time 391 process 4 stopped arr 10 total 24 remain 4 wait 3
At time 391 process 14 resumed arr 56 total 15 remain 3 wait 11
At time 392 process 14 stopped arr 56 total 15 remain 2 wait 11
At time 392 process 47 resumed arr 230 total 11 remain 8 wait 39
At time 393 process 47 stopped arr 230 total 11 remain 7 wait 39
At time 393 process 40 resumed arr 198 total 12 remain 8 wait 32
At time 394 process 40 stopped arr 198 total 12 remain 7 wait 32
At time 394 process 35 resumed arr 170 total 18 remain 13 wait 28
At time 395 process 35 stopped arr 170 total 18 remain 12 wait 28
At time 395 process 30 resumed arr 131 total 8 remain 1 wait 17
At time 396 process 30 finished arr 131 total 8 remain 0 wait 17 TA 265 WTA 33.12
At time 396 process 18 resumed arr 83 total 11 remain 1 wait 14
At time 397 process 18 finished arr 83 total 11 remain 0 wait 14 TA 314 WTA 28.55
At time 397 process 11 resumed arr 36 total 23 remain 9 wait 8
At time 398 process 11 stopped arr 36 total 23 remain 8 wait 8
At time 398 process 7 resumed arr 23 total 17 remain 1 wait 5
At time 399 process 7 finished arr 23 total 17 remain 0 wait 5 TA 376 WTA 22.12
At time 399 process 42 resumed arr 204 total 5 remain 1 wait 32
At time 400 process 42 finished arr 204 total 5 remain 0 wait 32 TA 196 WTA 39.20
At time 400 process 36 resumed arr 175 total 14 remain 9 wait 28
At time 401 process 36 stopped arr 175 total 14 remain 8 wait 28
At time 401 process 41 resumed arr 203 total 14 remain 10 wait 35
At time 402 process 41 stopped arr 203 total 14 remain 9 wait 35
At time 402 process 19 resumed arr 84 total 15 remain 5 wait 16
At time 403 process 19 stopped arr 84 total 15 remain 4 wait 16
At time 403 process 49 resumed arr 240 total 29 remain 26 wait 41
At time 404 process 49 stopped arr 240 total 29 remain 25 wait 41
At time 404 process 13 resumed arr 47 total 19 remain 6 wait 11
At time 405 process 13 stopped arr 47 total 19 remain 5 wait 11
At time 405 process 21 resumed arr 93 total 12 remain 5 wait 62
At time 406 process 21 stopped arr 93 total 12 remain 4 wait 62
At time 406 process 50 resumed arr 243 total 25 remain 22 wait 42
At time 407 process 50 stopped arr 243 total 25 remain 21 wait 42
At time 407 process 26 resumed arr 124 total 25 remain 18 wait 32
At time 408 process 26 stopped arr 124 total 25 remain 17 wait 32
At time 408 process 27 resumed arr 129 total 9 remain 2 wait 28
At time 409 process 27 stopped arr 129 total 9 remain 1 wait 28
At time 409 process 37 resumed arr 181 total 26 remain 21 wait 29
At time 410 process 37 stopped arr 181 total 26 remain 20 wait 29
At time 410 process 43 resumed arr 211 total 27 remain 23 wait 35
At time 411 process 43 stopped arr 211 total 27 remain 22 wait 35
At time 411 process 28 resumed arr 129 total 10 remain 3 wait 29
At time 412 process 28 stopped arr 129 total 10 remain 2 wait 29
At time 412 process 29 resumed arr 130 total 23 remain 16 wait 29
At time 413 process 29 stopped arr 130 total 23 remain 15 wait 29
At time 413 process 32 resumed arr 141 total 10 remain 4 wait 41
At time 414 process 32 stopped arr 141 total 10 remain 3 wait 41
At time 414 process 38 resumed arr 184 total 28 remain 23 wait 30
At time 415 process 38 stopped arr 184 total 28 remain 22 wait 30
At time 415 process 34 resumed arr 161 total 26 remain 20 wait 23
At time 416 process 34 stopped arr 161 total 26 remain 19 wait 23
At time 416 process 22 resumed arr 95 total 17 remain 11 wait 90
At time 417 process 22 stopped arr 95 total 17 remain 10 wait 90
At time 417 process 45 resumed arr 219 total 13 remain 9 wait 35
At time 418 process 45 stopped arr 219 total 13 remain 8 wait 35
At time 418 process 23 resumed arr 102 total 16 remain 10 wait 84
At time 419 process 23 stopped arr 102 total 16 remain 9 wait 84
At time 419 process 44 resumed arr 219 total 25 remain 21 wait 37
At time 420 process 44 stopped arr 219 total 25 remain 20 wait 37
At time 420 process 33 resumed arr 151 total 7 remain 1 wait 36
At time 421 process 33 finished arr 151 total 7 remain 0 wait 36 TA 270 WTA 38.57
At time 421 process 24 resumed arr 107 total 11 remain 5 wait 81
At time 422 process 24 stopped arr 107 total 11 remain 4 wait 81
At time 422 process 25 resumed arr 114 total 11 remain 5 wait 75
At time 423 process 25 stopped arr 114 total 11 remain 4 wait 75
At time 423 process 10 resumed arr 30 total 25 remain 10 wait 7
At time 424 process 10 stopped arr 30 total 25 remain 9 wait 7
At time 424 process 6 resumed arr 21 total 26 remain 9 wait 3
At time 425 process 6 stopped arr 21 total 26 remain 8 wait 3
At time 425 process 39 resumed arr 192 total 28 remain 23 wait 32
At time 426 process 39 stopped arr 192 total 28 remain 22 wait 32
At time 426 process 46 resumed arr 225 total 6 remain 2 wait 38
At time 427 process 46 stopped arr 225 total 6 remain 1 wait 38
At time 427 process 5 resumed arr 18 total 24 remain 6 wait 2
At time 428 process 5 stopped arr 18 total 24 remain 5 wait 2
At time 428 process 4 resumed arr 10 total 24 remain 4 wait 3
At time 429 process 4 stopped arr 10 total 24 remain 3 wait 3
At time 429 process 14 resumed arr 56 total 15 remain 2 wait 11
At time 430 process 14 stopped arr 56 total 15 remain 1 wait 11
At time 430 process 47 resumed arr 230 total 11 remain 7 wait 39
At time 431 process 47 stopped arr 230 total 11 remain 6 wait 39
At time 431 process 40 resumed arr 198 total 12 remain 7 wait 32
At time 432 process 40 stopped arr 198 total 12 remain 6 wait 32
At time 432 process 35 resumed arr 170 total 18 remain 12 wait 28
At time 433 process 35 stopped arr 170 total 18 remain 11 wait 28
At time 433 process 11 resumed arr 36 total 23 remain 8 wait 8
At time 434 process 11 stopped arr 36 total 23 remain 7 wait 8
At time 434 process 36 resumed arr 175 total 14 remain 8 wait 28
At time 435 process 36 stopped arr 175 total 14 remain 7 wait 28
At time 435 process 41 resumed arr 203 total 14 remain 9 wait 35
At time 436 process 41 stopped arr 203 total 14 remain 8 wait 35
At time 436 process 19 resumed arr 84 total 15 remain 4 wait 16
At time 437 process 19 stopped arr 84 total 15 remain 3 wait 16
At time 437 process 49 resumed arr 240 total 29 remain 25 wait 41
At time 438 process 49 stopped arr 240 total 29 remain 24 wait 41
At time 438 process 13 resumed arr 47 total 19 remain 5 wait 11
At time 439 process 13 stopped arr 47 total 19 remain 4 wait 11
At time 439 process 21 resumed arr 93 total 12 remain 4 wait 62
At time 440 process 21 stopped arr 93 total 12 remain 3 wait 62
At time 440 process 50 resumed arr 243 total 25 remain 21 wait 42
At time 441 process 50 stopped arr 243 total 25 remain 20 wait 42
At time 441 process 26 resumed arr 124 total 25 remain 17 wait 32
At time 442 process 26 stopped arr 124 total 25 remain 16 wait 32
At time 442 process 27 resumed arr 129 total 9 remain 1 wait 28
At time 443 process 27 finished arr 129 total 9 remain 0 wait 28 TA 314 WTA 34.89
At time 443 process 37 resumed arr 181 total 26 remain 20 wait 29
At time 444 process 37 stopped arr 181 total 26 remain 19 wait 29
At time 444 process 43 resumed arr 211 total 27 remain 22 wait 35
At time 445 process 43 stopped arr 211 total 27 remain 21 wait 35
At time 445 process 28 resumed arr 129 total 10 remain 2 wait 29
At time 446 process 28 stopped arr 129 total 10 remain 1 wait 29
At time 446 process 29 resumed arr 130 total 23 remain 15 wait 29
At time 447 process 29 stopped arr 130 total 23 remain 14 wait 29
At time 447 process 32 resumed arr 141 total 10 remain 3 wait 41
At time 448 process 32 stopped arr 141 total 10 remain 2 wait 41
At time 448 process 38 resumed arr 184 total 28 remain 22 wait 30
At time 449 process 38 stopped arr 184 total 28 remain 21 wait 30
At time 449 process 34 resumed arr 161 total 26 remain 19 wait 23
At time 450 process 34 stopped arr 161 total 26 remain 18 wait 23
At time 450 process 22 resumed arr 95 total 17 remain 10 wait 90
At time 451 process 22 stopped arr 95 total 17 remain 9 wait 90
At time 451 process 45 resumed arr 219 total 13 remain 8 wait 35
At time 452 process 45 stopped arr 219 total 13 remain 7 wait 35
At time 452 process 23 resumed arr 102 total 16 remain 9 wait 84
At time 453 process 23 stopped arr 102 total 16 remain 8 wait 84
At time 453 process 44 resumed arr 219 total 25 remain 20 wait 37
At time 454 process 44 stopped arr 219 total 25 remain 19 wait 37
At time 454 process 24 resumed arr 107 total 11 remain 4 wait 81
At time 455 process 24 stopped arr 107 total 11 remain 3 wait 81
At time 455 process 25 resumed arr 114 total 11 remain 4 wait 75
At time 456 process 25 stopped arr 114 total 11 remain 3 wait 75
At time 456 process 10 resumed arr 30 total 25 remain 9 wait 7
At time 457 process 10 stopped arr 30 total 25 remain 8 wait 7
At time 457 process 6 resumed arr 21 total 26 remain 8 wait 3
At time 458 process 6 stopped arr 21 total 26 remain 7 wait 3
At time 458 process 39 resumed arr 192 total 28 remain 22 wait 32
At time 459 process 39 stopped arr 192 total 28 remain 21 wait 32
At time 459 process 46 resumed arr 225 total 6 remain 1 wait 38
At time 460 process 46 finished arr 225 total 6 remain 0 wait 38 TA 235 WTA 39.17
At time 460 process 5 resumed arr 18 total 24 remain 5 wait 2
At time 461 process 5 stopped arr 18 total 24 remain 4 wait 2
At time 461 process 4 resumed arr 10 total 24 remain 3 wait 3
At time 462 process 4 stopped arr 10 total 24 remain 2 wait 3
At time 462 process 14 resumed arr 56 total 15 remain 1 wait 11
At time 463 process 14 finished arr 56 total 15 remain 0 wait 11 TA 407 WTA 27.13
At time 463 process 47 resumed arr 230 total 11 remain 6 wait 39
At time 464 process 47 stopped arr 230 total 11 remain 5 wait 39
At time 464 process 40 resumed arr 198 total 12 remain 6 wait 32
At time 465 process 40 stopped arr 198 total 12 remain 5 wait 32
At time 465 process 35 resumed arr 170 total 18 remain 11 wait 28
At time 466 process 35 stopped arr 170 total 18 remain 10 wait 28
At time 466 process 11 resumed arr 36 total 23 remain 7 wait 8
At time 467 process 11 stopped arr 36 total 23 remain 6 wait 8
At time 467 process 36 resumed arr 175 total 14 remain 7 wait 28
At time 468 process 36 stopped arr 175 total 14 remain 6 wait 28
At time 468 process 41 resumed arr 203 total 14 remain 8 wait 35
At time 469 process 41 stopped arr 203 total 14 remain 7 wait 35
At time 469 process 19 resumed arr 84 total 15 remain 3 wait 16
At time 470 process 19 stopped arr 84 total 15 remain 2 wait 16
At time 470 process 49 resumed arr 240 total 29 remain 24 wait 41
At time 471 process 49 stopped arr 240 total 29 remain 23 wait 41
At time 471 process 13 resumed arr 47 total 19 remain 4 wait 11
At time 472 process 13 stopped arr 47 total 19 remain 3 wait 11
At time 472 process 21 resumed arr 93 total 12 remain 3 wait 62
At time 473 process 21 stopped arr 93 total 12 remain 2 wait 62
At time 473 process 50 resumed arr 243 total 25 remain 20 wait 42
At time 474 process 50 stopped arr 243 total 25 remain 19 wait 42
At time 474 process 26 resumed arr 124 total 25 remain 16 wait 32
At time 475 process 26 stopped arr 124 total 25 remain 15 wait 32
At time 475 process 37 resumed arr 181 total 26 remain 19 wait 29
At time 476 process 37 stopped arr 181 total 26 remain 18 wait 29
At time 476 process 43 resumed arr 211 total 27 remain 21 wait 35
At time 477 process 43 stopped arr 211 total 27 remain 20 wait 35
At time 477 process 28 resumed arr 129 total 10 remain 1 wait 29
At time 478 process 28 finished arr 129 total 10 remain 0 wait 29 TA 349 WTA 34.90
At time 478 process 29 resumed arr 130 total 23 remain 14 wait 29
At time 479 process 29 stopped arr 130 total 23 remain 13 wait 29
At time 479 process 32 resumed arr 141 total 10 remain 2 wait 41
At time 480 process 32 stopped arr 141 total 10 remain 1 wait 41
At time 480 process 38 resumed arr 184 total 28 remain 21 wait 30
At time 481 process 38 stopped arr 184 total 28 remain 20 wait 30
At time 481 process 34 resumed arr 161 total 26 remain 18 wait 23
At time 482 process 34 stopped arr 161 total 26 remain 17 wait 23
At time 482 process 22 resumed arr 95 total 17 remain 9 wait 90
At time 483 process 22 stopped arr 95 total 17 remain 8 wait 90
At time 483 process 45 resumed arr 219 total 13 remain 7 wait 35
At time 484 process 45 stopped arr 219 total 13 remain 6 wait 35
At time 484 process 23 resumed arr 102 total 16 remain 8 wait 84
At time 485 process 23 stopped arr 102 total 16 remain 7 wait 84
At time 485 process 44 resumed arr 219 total 25 remain 19 wait 37
At time 486 process 44 stopped arr 219 total 25 remain 18 wait 37
At time 486 process 24 resumed arr 107 total 11 remain 3 wait 81
At time 487 process 24 stopped arr 107 total 11 remain 2 wait 81
At time 487 process 25 resumed arr 114 total 11 remain 3 wait 75
At time 488 process 25 stopped arr 114 total 11 remain 2 wait 75
At time 488 process 10 resumed arr 30 total 25 remain 8 wait 7
At time 489 process 10 stopped arr 30 total 25 remain 7 wait 7
At time 489 process 6 resumed arr 21 total 26 remain 7 wait 3
At time 490 process 6 stopped arr 21 total 26 remain 6 wait 3
At time 490 process 39 resumed arr 192 total 28 remain 21 wait 32
At time 491 process 39 stopped arr 192 total 28 remain 20 wait 32
At time 491 process 5 resumed arr 18 total 24 remain 4 wait 2
At time 492 process 5 stopped arr 18 total 24 remain 3 wait 2
At time 492 process 4 resumed arr 10 total 24 remain 2 wait 3
At time 493 process 4 stopped arr 10 total 24 remain 1 wait 3
At time 493 process 47 resumed arr 230 total 11 remain 5 wait 39
At time 494 process 47 stopped arr 230 total 11 remain 4 wait 39
At time 494 process 40 resumed arr 198 total 12 remain 5 wait 32
At time 495 process 40 stopped arr 198 total 12 remain 4 wait 32
At time 495 process 35 resumed arr 170 total 18 remain 10 wait 28
At time 496 process 35 stopped arr 170 total 18 remain 9 wait 28
At time 496 process 11 resumed arr 36 total 23 remain 6 wait 8
At time 497 process 11 stopped arr 36 total 23 remain 5 wait 8
At time 497 process 36 resumed arr 175 total 14 remain 6 wait 28
At time 498 process 36 stopped arr 175 total 14 remain 5 wait 28
At time 498 process 41 resumed arr 203 total 14 remain 7 wait 35
At time 499 process 41 stopped arr 203 total 14 remain 6 wait 35
At time 499 process 19 resumed arr 84 total 15 remain 2 wait 16
At time 500 process 19 stopped arr 84 total 15 remain 1 wait 16
At time 500 process 49 resumed arr 240 total 29 remain 23 wait 41
At time 501 process 49 stopped arr 240 total 29 remain 22 wait 41
At time 501 process 13 resumed arr 47 total 19 remain 3 wait 11
At time 502 process 13 stopped arr 47 total 19 remain 2 wait 11
At time 502 process 21 resumed arr 93 total 12 remain 2 wait 62
At time 503 process 21 stopped arr 93 total 12 remain 1 wait 62
At time 503 process 50 resumed arr 243 total 25 remain 19 wait 42
At time 504 process 50 stopped arr 243 total 25 remain 18 wait 42
At time 504 process 26 resumed arr 124 total 25 remain 15 wait 32
At time 505 process 26 stopped arr 124 total 25 remain 14 wait 32
At time 505 process 37 resumed arr 181 total 26 remain 18 wait 29
At time 506 process 37 stopped arr 181 total 26 remain 17 wait 29
At time 506 process 43 resumed arr 211 total 27 remain 20 wait 35
At time 507 process 43 stopped arr 211 total 27 remain 19 wait 35
At time 507 process 29 resumed arr 130 total 23 remain 13 wait 29
At time 508 process 29 stopped arr 130 total 23 remain 12 wait 29
At time 508 process 32 resumed arr 141 total 10 remain 1 wait 41
At time 509 process 32 finished arr 141 total 10 remain 0 wait 41 TA 368 WTA 36.80
At time 509 process 38 resumed arr 184 total 28 remain 20 wait 30
At time 510 process 38 stopped arr 184 total 28 remain 19 wait 30
At time 510 process 34 resumed arr 161 total 26 remain 17 wait 23
At time 511 process 34 stopped arr 161 total 26 remain 16 wait 23
At time 511 process 22 resumed arr 95 total 17 remain 8 wait 90
At time 512 process 22 stopped arr 95 total 17 remain 7 wait 90
At time 512 process 45 resumed arr 219 total 13 remain 6 wait 35
At time 513 process 45 stopped arr 219 total 13 remain 5 wait 35
At time 513 process 23 resumed arr 102 total 16 remain 7 wait 84
At time 514 process 23 stopped arr 102 total 16 remain 6 wait 84
At time 514 process 44 resumed arr 219 total 25 remain 18 wait 37
At time 515 process 44 stopped arr 219 total 25 remain 17 wait 37
At time 515 process 24 resumed arr 107 total 11 remain 2 wait 81
At time 516 process 24 stopped arr 107 total 11 remain 1 wait 81
At time 516 process 25 resumed arr 114 total 11 remain 2 wait 75
At time 517 process 25 stopped arr 114 total 11 remain 1 wait 75
At time 517 process 10 resumed arr 30 total 25 remain 7 wait 7
At time 518 process 10 stopped arr 30 total 25 remain 6 wait 7
At time 518 process 6 resumed arr 21 total 26 remain 6 wait 3
At time 519 process 6 stopped arr 21 total 26 remain 5 wait 3
At time 519 process 39 resumed arr 192 total 28 remain 20 wait 32
At time 520 process 39 stopped arr 192 total 28 remain 19 wait 32
At time 520 process 5 resumed arr 18 total 24 remain 3 wait 2
At time 521 process 5 stopped arr 18 total 24 remain 2 wait 2
At time 521 process 4 resumed arr 10 total 24 remain 1 wait 3
At time 522 process 4 finished arr 10 total 24 remain 0 wait 3 TA 512 WTA 21.33
At time 522 process 47 resumed arr 230 total 11 remain 4 wait 39
At time 523 process 47 stopped arr 230 total 11 remain 3 wait 39
At time 523 process 40 resumed arr 198 total 12 remain 4 wait 32
At time 524 process 40 stopped arr 198 total 12 remain 3 wait 32
At time 524 process 35 resumed arr 170 total 18 remain 9 wait 28
At time 525 process 35 stopped arr 170 total 18 remain 8 wait 28
At time 525 process 11 resumed arr 36 total 23 remain 5 wait 8
At time 526 process 11 stopped arr 36 total 23 remain 4 wait 8
At time 526 process 36 resumed arr 175 total 14 remain 5 wait 28
At time 527 process 36 stopped arr 175 total 14 remain 4 wait 28
At time 527 process 41 resumed arr 203 total 14 remain 6 wait 35
At time 528 process 41 stopped arr 203 total 14 remain 5 wait 35
At time 528 process 19 resumed arr 84 total 15 remain 1 wait 16
At time 529 process 19 finished arr 84 total 15 remain 0 wait 16 TA 445 WTA 29.67
At time 529 process 49 resumed arr 240 total 29 remain 22 wait 41
At time 530 process 49 stopped arr 240 total 29 remain 21 wait 41
At time 530 process 13 resumed arr 47 total 19 remain 2 wait 11
At time 531 process 13 stopped arr 47 total 19 remain 1 wait 11
At time 531 process 21 resumed arr 93 total 12 remain 1 wait 62
At time 532 process 21 finished arr 93 total 12 remain 0 wait 62 TA 439 WTA 36.58
At time 532 process 50 resumed arr 243 total 25 remain 18 wait 42
At time 533 process 50 stopped arr 243 total 25 remain 17 wait 42
At time 533 process 26 resumed arr 124 total 25 remain 14 wait 32
At time 534 process 26 stopped arr 124 total 25 remain 13 wait 32
At time 534 process 37 resumed arr 181 total 26 remain 17 wait 29
At time 535 process 37 stopped arr 181 total 26 remain 16 wait 29
At time 535 process 43 resumed arr 211 total 27 remain 19 wait 35
At time 536 process 43 stopped arr 211 total 27 remain 18 wait 35
At time 536 process 29 resumed arr 130 total 23 remain 12 wait 29
At time 537 process 29 stopped arr 130 total 23 remain 11 wait 29
At time 537 process 38 resumed arr 184 total 28 remain 19 wait 30
At time 538 process 38 stopped arr 184 total 28 remain 18 wait 30
At time 538 process 34 resumed arr 161 total 26 remain 16 wait 23
At time 539 process 34 stopped arr 161 total 26 remain 15 wait 23
At time 539 process 22 resumed arr 95 total 17 remain 7 wait 90
At time 540 process 22 stopped arr 95 total 17 remain 6 wait 90
At time 540 process 45 resumed arr 219 total 13 remain 5 wait 35
At time 541 process 45 stopped arr 219 total 13 remain 4 wait 35
At time 541 process 23 resumed arr 102 total 16 remain 6 wait 84
At time 542 process 23 stopped arr 102 total 16 remain 5 wait 84
At time 542 process 44 resumed arr 219 total 25 remain 17 wait 37
At time 543 process 44 stopped arr 219 total 25 remain 16 wait 37
At time 543 process 24 resumed arr 107 total 11 remain 1 wait 81
At time 544 process 24 finished arr 107 total 11 remain 0 wait 81 TA 437 WTA 39.73
At time 544 process 25 resumed arr 114 total 11 remain 1 wait 75
At time 545 process 25 finished arr 114 total 11 remain 0 wait 75 TA 431 WTA 39.18
At time 545 process 10 resumed arr 30 total 25 remain 6 wait 7
At time 546 process 10 stopped arr 30 total 25 remain 5 wait 7
At time 546 process 6 resumed arr 21 total 26 remain 5 wait 3
At time 547 process 6 stopped arr 21 total 26 remain 4 wait 3
At time 547 process 39 resumed arr 192 total 28 remain 19 wait 32
At time 548 process 39 stopped arr 192 total 28 remain 18 wait 32
At time 548 process 5 resumed arr 18 total 24 remain 2 wait 2
At time 549 process 5 stopped arr 18 total 24 remain 1 wait 2
At time 549 process 47 resumed arr 230 total 11 remain 3 wait 39
At time 550 process 47 stopped arr 230 total 11 remain 2 wait 39
At time 550 process 40 resumed arr 198 total 12 remain 3 wait 32
At time 551 process 40 stopped arr 198 total 12 remain 2 wait 32
At time 551 process 35 resumed arr 170 total 18 remain 8 wait 28
At time 552 process 35 stopped arr 170 total 18 remain 7 wait 28
At time 552 process 11 resumed arr 36 total 23 remain 4 wait 8
At time 553 process 11 stopped arr 36 total 23 remain 3 wait 8
At time 553 process 36 resumed arr 175 total 14 remain 4 wait 28
At time 554 process 36 stopped arr 175 total 14 remain 3 wait 28
At time 554 process 41 resumed arr 203 total 14 remain 5 wait 35
At time 555 process 41 stopped arr 203 total 14 remain 4 wait 35
At time 555 process 49 resumed arr 240 total 29 remain 21 wait 41
At time 556 process 49 stopped arr 240 total 29 remain 20 wait 41
At time 556 process 13 resumed arr 47 total 19 remain 1 wait 11
At time 557 process 13 finished arr 47 total 19 remain 0 wait 11 TA 510 WTA 26.84
At time 557 process 50 resumed arr 243 total 25 remain 17 wait 42
At time 558 process 50 stopped arr 243 total 25 remain 16 wait 42
At time 558 process 26 resumed arr 124 total 25 remain 13 wait 32
At time 559 process 26 stopped arr 124 total 25 remain 12 wait 32
At time 559 process 37 resumed arr 181 total 26 remain 16 wait 29
At time 560 process 37 stopped arr 181 total 26 remain 15 wait 29
At time 560 process 43 resumed arr 211 total 27 remain 18 wait 35
At time 561 process 43 stopped arr 211 total 27 remain 17 wait 35
At time 561 process 29 resumed arr 130 total 23 remain 11 wait 29
At time 562 process 29 stopped arr 130 total 23 remain 10 wait 29
At time 562 process 38 resumed arr 184 total 28 remain 18 wait 30
At time 563 process 38 stopped arr 184 total 28 remain 17 wait 30
At time 563 process 34 resumed arr 161 total 26 remain 15 wait 23
At time 564 process 34 stopped arr 161 total 26 remain 14 wait 23
At time 564 process 22 resumed arr 95 total 17 remain 6 wait 90
At time 565 process 22 stopped arr 95 total 17 remain 5 wait 90
At time 565 process 45 resumed arr 219 total 13 remain 4 wait 35
At time 566 process 45 stopped arr 219 total 13 remain 3 wait 35
At time 566 process 23 resumed arr 102 total 16 remain 5 wait 84
At time 567 process 23 stopped arr 102 total 16 remain 4 wait 84
At time 567 process 44 resumed arr 219 total 25 remain 16 wait 37
At time 568 process 44 stopped arr 219 total 25 remain 15 wait 37
At time 568 process 10 resumed arr 30 total 25 remain 5 wait 7
At time 569 process 10 stopped arr 30 total 25 remain 4 wait 7
At time 569 process 6 resumed arr 21 total 26 remain 4 wait 3
At time 570 process 6 stopped arr 21 total 26 remain 3 wait 3
At time 570 process 39 resumed arr 192 total 28 remain 18 wait 32
At time 571 process 39 stopped arr 192 total 28 remain 17 wait 32
At time 571 process 5 resumed arr 18 total 24 remain 1 wait 2
At time 572 process 5 finished arr 18 total 24 remain 0 wait 2 TA 554 WTA 23.08
At time 572 process 47 resumed arr 230 total 11 remain 2 wait 39
At time 573 process 47 stopped arr 230 total 11 remain 1 wait 39
At time 573 process 40 resumed arr 198 total 12 remain 2 wait 32
At time 574 process 40 stopped arr 198 total 12 remain 1 wait 32
At time 574 process 35 resumed arr 170 total 18 remain 7 wait 28
At time 575 process 35 stopped arr 170 total 18 remain 6 wait 28
At time 575 process 11 resumed arr 36 total 23 remain 3 wait 8
At time 576 process 11 stopped arr 36 total 23 remain 2 wait 8
At time 576 process 36 resumed arr 175 total 14 remain 3 wait 28
At time 577 process 36 stopped arr 175 total 14 remain 2 wait 28
At time 577 process 41 resumed arr 203 total 14 remain 4 wait 35
At time 578 process 41 stopped arr 203 total 14 remain 3 wait 35
At time 578 process 49 resumed arr 240 total 29 remain 20 wait 41
At time 579 process 49 stopped arr 240 total 29 remain 19 wait 41
At time 579 process 50 resumed arr 243 total 25 remain 16 wait 42
At time 580 process 50 stopped arr 243 total 25 remain 15 wait 42
At time 580 process 26 resumed arr 124 total 25 remain 12 wait 32
At time 581 process 26 stopped arr 124 total 25 remain 11 wait 32
At time 581 process 37 resumed arr 181 total 26 remain 15 wait 29
At time 582 process 37 stopped arr 181 total 26 remain 14 wait 29
At time 582 process 43 resumed arr 211 total 27 remain 17 wait 35
At time 583 process 43 stopped arr 211 total 27 remain 16 wait 35
At time 583 process 29 resumed arr 130 total 23 remain 10 wait 29
At time 584 process 29 stopped arr 130 total 23 remain 9 wait 29
At time 584 process 38 resumed arr 184 total 28 remain 17 wait 30
At time 585 process 38 stopped arr 184 total 28 remain 16 wait 30
At time 585 process 34 resumed arr 161 total 26 remain 14 wait 23
At time 586 process 34 stopped arr 161 total 26 remain 13 wait 23
At time 586 process 22 resumed arr 95 total 17 remain 5 wait 90
At time 587 process 22 stopped arr 95 total 17 remain 4 wait 90
At time 587 process 45 resumed arr 219 total 13 remain 3 wait 35
At time 588 process 45 stopped arr 219 total 13 remain 2 wait 35
At time 588 process 23 resumed arr 102 total 16 remain 4 wait 84
At time 589 process 23 stopped arr 102 total 16 remain 3 wait 84
At time 589 process 44 resumed arr 219 total 25 remain 15 wait 37
At time 590 process 44 stopped arr 219 total 25 remain 14 wait 37
At time 590 process 10 resumed arr 30 total 25 remain 4 wait 7
At time 591 process 10 stopped arr 30 total 25 remain 3 wait 7
At time 591 process 6 resumed arr 21 total 26 remain 3 wait 3
At time 592 process 6 stopped arr 21 total 26 remain 2 wait 3
At time 592 process 39 resumed arr 192 total 28 remain 17 wait 32
At time 593 process 39 stopped arr 192 total 28 remain 16 wait 32
At time 593 process 47 resumed arr 230 total 11 remain 1 wait 39
At time 594 process 47 finished arr 230 total 11 remain 0 wait 39 TA 364 WTA 33.09
At time 594 process 40 resumed arr 198 total 12 remain 1 wait 32
At time 595 process 40 finished arr 198 total 12 remain 0 wait 32 TA 397 WTA 33.08
At time 595 process 35 resumed arr 170 total 18 remain 6 wait 28
At time 596 process 35 stopped arr 170 total 18 remain 5 wait 28
At time 596 process 11 resumed arr 36 total 23 remain 2 wait 8
At time 597 process 11 stopped arr 36 total 23 remain 1 wait 8
At time 597 process 36 resumed arr 175 total 14 remain 2 wait 28
At time 598 process 36 stopped arr 175 total 14 remain 1 wait 28
At time 598 process 41 resumed arr 203 total 14 remain 3 wait 35
At time 599 process 41 stopped arr 203 total 14 remain 2 wait 35
At time 599 process 49 resumed arr 240 total 29 remain 19 wait 41
At time 600 process 49 stopped arr 240 total 29 remain 18 wait 41
At time 600 process 50 resumed arr 243 total 25 remain 15 wait 42
At time 601 process 50 stopped arr 243 total 25 remain 14 wait 42
At time 601 process 26 resumed arr 124 total 25 remain 11 wait 32
At time 602 process 26 stopped arr 124 total 25 remain 10 wait 32
At time 602 process 37 resumed arr 181 total 26 remain 14 wait 29
At time 603 process 37 stopped arr 181 total 26 remain 13 wait 29
At time 603 process 43 resumed arr 211 total 27 remain 16 wait 35
At time 604 process 43 stopped arr 211 total 27 remain 15 wait 35
At time 604 process 29 resumed arr 130 total 23 remain 9 wait 29
At time 605 process 29 stopped arr 130 total 23 remain 8 wait 29
At time 605 process 38 resumed arr 184 total 28 remain 16 wait 30
At time 606 process 38 stopped arr 184 total 28 remain 15 wait 30
At time 606 process 34 resumed arr 161 total 26 remain 13 wait 23
At time 607 process 34 stopped arr 161 total 26 remain 12 wait 23
At time 607 process 22 resumed arr 95 total 17 remain 4 wait 90
At time 608 process 22 stopped arr 95 total 17 remain 3 wait 90
At time 608 process 45 resumed arr 219 total 13 remain 2 wait 35
At time 609 process 45 stopped arr 219 total 13 remain 1 wait 35
At time 609 process 23 resumed arr 102 total 16 remain 3 wait 84
At time 610 process 23 stopped arr 102 total 16 remain 2 wait 84
At time 610 process 44 resumed arr 219 total 25 remain 14 wait 37
At time 611 process 44 stopped arr 219 total 25 remain 13 wait 37
At time 611 process 10 resumed arr 30 total 25 remain 3 wait 7
At time 612 process 10 stopped arr 30 total 25 remain 2 wait 7
At time 612 process 6 resumed arr 21 total 26 remain 2 wait 3
At time 613 process 6 stopped arr 21 total 26 remain 1 wait 3
At time 613 process 39 resumed arr 192 total 28 remain 16 wait 32
At time 614 process 39 stopped arr 192 total 28 remain 15 wait 32
At time 614 process 35 resumed arr 170 total 18 remain 5 wait 28
At time 615 process 35 stopped arr 170 total 18 remain 4 wait 28
At time 615 process 11 resumed arr 36 total 23 remain 1 wait 8
At time 616 process 11 finished arr 36 total 23 remain 0 wait 8 TA 580 WTA 25.22
At time 616 process 36 resumed arr 175 total 14 remain 1 wait 28
At time 617 process 36 finished arr 175 total 14 remain 0 wait 28 TA 442 WTA 31.57
At time 617 process 41 resumed arr 203 total 14 remain 2 wait 35
At time 618 process 41 stopped arr 203 total 14 remain 1 wait 35
At time 618 process 49 resumed arr 240 total 29 remain 18 wait 41
At time 619 process 49 stopped arr 240 total 29 remain 17 wait 41
At time 619 process 50 resumed arr 243 total 25 remain 14 wait 42
At time 620 process 50 stopped arr 243 total 25 remain 13 wait 42
At time 620 process 26 resumed arr 124 total 25 remain 10 wait 32
At time 621 process 26 stopped arr 124 total 25 remain 9 wait 32
At time 621 process 37 resumed arr 181 total 26 remain 13 wait 29
At time 622 process 37 stopped arr 181 total 26 remain 12 wait 29
At time 622 process 43 resumed arr 211 total 27 remain 15 wait 35
At time 623 process 43 stopped arr 211 total 27 remain 14 wait 35
At time 623 process 29 resumed arr 130 total 23 remain 8 wait 29
At time 624 process 29 stopped arr 130 total 23 remain 7 wait 29
At time 624 process 38 resumed arr 184 total 28 remain 15 wait 30
At time 625 process 38 stopped arr 184 total 28 remain 14 wait 30
At time 625 process 34 resumed arr 161 total 26 remain 12 wait 23
At time 626 process 34 stopped arr 161 total 26 remain 11 wait 23
At time 626 process 22 resumed arr 95 total 17 remain 3 wait 90
At time 627 process 22 stopped arr 95 total 17 remain 2 wait 90
At time 627 process 45 resumed arr 219 total 13 remain 1 wait 35
At time 628 process 45 finished arr 219 total 13 remain 0 wait 35 TA 409 WTA 31.46
At time 628 process 23 resumed arr 102 total 16 remain 2 wait 84
At time 629 process 23 stopped arr 102 total 16 remain 1 wait 84
At time 629 process 44 resumed arr 219 total 25 remain 13 wait 37
At time 630 process 44 stopped arr 219 total 25 remain 12 wait 37
At time 630 process 10 resumed arr 30 total 25 remain 2 wait 7
At time 631 process 10 stopped arr 30 total 25 remain 1 wait 7
At time 631 process 6 resumed arr 21 total 26 remain 1 wait 3
At time 632 process 6 finished arr 21 total 26 remain 0 wait 3 TA 611 WTA 23.50
At time 632 process 39 resumed arr 192 total 28 remain 15 wait 32
At time 633 process 39 stopped arr 192 total 28 remain 14 wait 32
At time 633 process 35 resumed arr 170 total 18 remain 4 wait 28
At time 634 process 35 stopped arr 170 total 18 remain 3 wait 28
At time 634 process 41 resumed arr 203 total 14 remain 1 wait 35
At time 635 process 41 finished arr 203 total 14 remain 0 wait 35 TA 432 WTA 30.86
At time 635 process 49 resumed arr 240 total 29 remain 17 wait 41
At time 636 process 49 stopped arr 240 total 29 remain 16 wait 41
At time 636 process 50 resumed arr 243 total 25 remain 13 wait 42
At time 637 process 50 stopped arr 243 total 25 remain 12 wait 42
At time 637 process 26 resumed arr 124 total 25 remain 9 wait 32
At time 638 process 26 stopped arr 124 total 25 remain 8 wait 32
At time 638 process 37 resumed arr 181 total 26 remain 12 wait 29
At time 639 process 37 stopped arr 181 total 26 remain 11 wait 29
At time 639 process 43 resumed arr 211 total 27 remain 14 wait 35
At time 640 process 43 stopped arr 211 total 27 remain 13 wait 35
At time 640 process 29 resumed arr 130 total 23 remain 7 wait 29
At time 641 process 29 stopped arr 130 total 23 remain 6 wait 29
At time 641 process 38 resumed arr 184 total 28 remain 14 wait 30
At time 642 process 38 stopped arr 184 total 28 remain 13 wait 30
At time 642 process 34 resumed arr 161 total 26 remain 11 wait 23
At time 643 process 34 stopped arr 161 total 26 remain 10 wait 23
At time 643 process 22 resumed arr 95 total 17 remain 2 wait 90
At time 644 process 22 stopped arr 95 total 17 remain 1 wait 90
At time 644 process 23 resumed arr 102 total 16 remain 1 wait 84
At time 645 process 23 finished arr 102 total 16 remain 0 wait 84 TA 543 WTA 33.94
At time 645 process 44 resumed arr 219 total 25 remain 12 wait 37
At time 646 process 44 stopped arr 219 total 25 remain 11 wait 37
At time 646 process 10 resumed arr 30 total 25 remain 1 wait 7
At time 647 process 10 finished arr 30 total 25 remain 0 wait 7 TA 617 WTA 24.68
At time 647 process 39 resumed arr 192 total 28 remain 14 wait 32
At time 648 process 39 stopped arr 192 total 28 remain 13 wait 32
At time 648 process 35 resumed arr 170 total 18 remain 3 wait 28
At time 649 process 35 stopped arr 170 total 18 remain 2 wait 28
At time 649 process 49 resumed arr 240 total 29 remain 16 wait 41
At time 650 process 49 stopped arr 240 total 29 remain 15 wait 41
At time 650 process 50 resumed arr 243 total 25 remain 12 wait 42
At time 651 process 50 stopped arr 243 total 25 remain 11 wait 42
At time 651 process 26 resumed arr 124 total 25 remain 8 wait 32
At time 652 process 26 stopped arr 124 total 25 remain 7 wait 32
At time 652 process 37 resumed arr 181 total 26 remain 11 wait 29
At time 653 process 37 stopped arr 181 total 26 remain 10 wait 29
At time 653 process 43 resumed arr 211 total 27 remain 13 wait 35
At time 654 process 43 stopped arr 211 total 27 remain 12 wait 35
At time 654 process 29 resumed arr 130 total 23 remain 6 wait 29
At time 655 process 29 stopped arr 130 total 23 remain 5 wait 29
At time 655 process 38 resumed arr 184 total 28 remain 13 wait 30
At time 656 process 38 stopped arr 184 total 28 remain 12 wait 30
At time 656 process 34 resumed arr 161 total 26 remain 10 wait 23
At time 657 process 34 stopped arr 161 total 26 remain 9 wait 23
At time 657 process 22 resumed arr 95 total 17 remain 1 wait 90
At time 658 process 22 finished arr 95 total 17 remain 0 wait 90 TA 563 WTA 33.12
At time 658 process 44 resumed arr 219 total 25 remain 11 wait 37
At time 659 process 44 stopped arr 219 total 25 remain 10 wait 37
At time 659 process 39 resumed arr 192 total 28 remain 13 wait 32
At time 660 process 39 stopped arr 192 total 28 remain 12 wait 32
At time 660 process 35 resumed arr 170 total 18 remain 2 wait 28
At time 661 process 35 stopped arr 170 total 18 remain 1 wait 28
At time 661 process 49 resumed arr 240 total 29 remain 15 wait 41
At time 662 process 49 stopped arr 240 total 29 remain 14 wait 41
At time 662 process 50 resumed arr 243 total 25 remain 11 wait 42
At time 663 process 50 stopped arr 243 total 25 remain 10 wait 42
At time 663 process 26 resumed arr 124 total 25 remain 7 wait 32
At time 664 process 26 stopped arr 124 total 25 remain 6 wait 32
At time 664 process 37 resumed arr 181 total 26 remain 10 wait 29
At time 665 process 37 stopped arr 181 total 26 remain 9 wait 29
At time 665 process 43 resumed arr 211 total 27 remain 12 wait 35
At time 666 process 43 stopped arr 211 total 27 remain 11 wait 35
At time 666 process 29 resumed arr 130 total 23 remain 5 wait 29
At time 667 process 29 stopped arr 130 total 23 remain 4 wait 29
At time 667 process 38 resumed arr 184 total 28 remain 12 wait 30
At time 668 process 38 stopped arr 184 total 28 remain 11 wait 30
At time 668 process 34 resumed arr 161 total 26 remain 9 wait 23
At time 669 process 34 stopped arr 161 total 26 remain 8 wait 23
At time 669 process 44 resumed arr 219 total 25 remain 10 wait 37
At time 670 process 44 stopped arr 219 total 25 remain 9 wait 37
At time 670 process 39 resumed arr 192 total 28 remain 12 wait 32
At time 671 process 39 stopped arr 192 total 28 remain 11 wait 32
At time 671 process 35 resumed arr 170 total 18 remain 1 wait 28
At time 672 process 35 finished arr 170 total 18 remain 0 wait 28 TA 502 WTA 27.89
At time 672 process 49 resumed arr 240 total 29 remain 14 wait 41
At time 673 process 49 stopped arr 240 total 29 remain 13 wait 41
At time 673 process 50 resumed arr 243 total 25 remain 10 wait 42
At time 674 process 50 stopped arr 243 total 25 remain 9 wait 42
At time 674 process 26 resumed arr 124 total 25 remain 6 wait 32
At time 675 process 26 stopped arr 124 total 25 remain 5 wait 32
At time 675 process 37 resumed arr 181 total 26 remain 9 wait 29
At time 676 process 37 stopped arr 181 total 26 remain 8 wait 29
At time 676 process 43 resumed arr 211 total 27 remain 11 wait 35
At time 677 process 43 stopped arr 211 total 27 remain 10 wait 35
At time 677 process 29 resumed arr 130 total 23 remain 4 wait 29
At time 678 process 29 stopped arr 130 total 23 remain 3 wait 29
At time 678 process 38 resumed arr 184 total 28 remain 11 wait 30
At time 679 process 38 stopped arr 184 total 28 remain 10 wait 30
At time 679 process 34 resumed arr 161 total 26 remain 8 wait 23
At time 680 process 34 stopped arr 161 total 26 remain 7 wait 23
At time 680 process 44 resumed arr 219 total 25 remain 9 wait 37
At time 681 process 44 stopped arr 219 total 25 remain 8 wait 37
At time 681 process 39 resumed arr 192 total 28 remain 11 wait 32
At time 682 process 39 stopped arr 192 total 28 remain 10 wait 32
At time 682 process 49 resumed arr 240 total 29 remain 13 wait 41
At time 683 process 49 stopped arr 240 total 29 remain 12 wait 41
At time 683 process 50 resumed arr 243 total 25 remain 9 wait 42
At time 684 process 50 stopped arr 243 total 25 remain 8 wait 42
At time 684 process 26 resumed arr 124 total 25 remain 5 wait 32
At time 685 process 26 stopped arr 124 total 25 remain 4 wait 32
At time 685 process 37 resumed arr 181 total 26 remain 8 wait 29
At time 686 process 37 stopped arr 181 total 26 remain 7 wait 29
At time 686 process 43 resumed arr 211 total 27 remain 10 wait 35
At time 687 process 43 stopped arr 211 total 27 remain 9 wait 35
At time 687 process 29 resumed arr 130 total 23 remain 3 wait 29
At time 688 process 29 stopped arr 130 total 23 remain 2 wait 29
At time 688 process 38 resumed arr 184 total 28 remain 10 wait 30
At time 689 process 38 stopped arr 184 total 28 remain 9 wait 30
At time 689 process 34 resumed arr 161 total 26 remain 7 wait 23
At time 690 process 34 stopped arr 161 total 26 remain 6 wait 23
At time 690 process 44 resumed arr 219 total 25 remain 8 wait 37
At time 691 process 44 stopped arr 219 total 25 remain 7 wait 37
At time 691 process 39 resumed arr 192 total 28 remain 10 wait 32
At time 692 process 39 stopped arr 192 total 28 remain 9 wait 32
At time 692 process 49 resumed arr 240 total 29 remain 12 wait 41
At time 693 process 49 stopped arr 240 total 29 remain 11 wait 41
At time 693 process 50 resumed arr 243 total 25 remain 8 wait 42
At time 694 process 50 stopped arr 243 total 25 remain 7 wait 42
At time 694 process 26 resumed arr 124 total 25 remain 4 wait 32
At time 695 process 26 stopped arr 124 total 25 remain 3 wait 32
At time 695 process 37 resumed arr 181 total 26 remain 7 wait 29
At time 696 process 37 stopped arr 181 total 26 remain 6 wait 29
At time 696 process 43 resumed arr 211 total 27 remain 9 wait 35
At time 697 process 43 stopped arr 211 total 27 remain 8 wait 35
At time 697 process 29 resumed arr 130 total 23 remain 2 wait 29
At time 698 process 29 stopped arr 130 total 23 remain 1 wait 29
At time 698 process 38 resumed arr 184 total 28 remain 9 wait 30
At time 699 process 38 stopped arr 184 total 28 remain 8 wait 30
At time 699 process 34 resumed arr 161 total 26 remain 6 wait 23
At time 700 process 34 stopped arr 161 total 26 remain 5 wait 23
At time 700 process 44 resumed arr 219 total 25 remain 7 wait 37
At time 701 process 44 stopped arr 219 total 25 remain 6 wait 37
At time 701 process 39 resumed arr 192 total 28 remain 9 wait 32
At time 702 process 39 stopped arr 192 total 28 remain 8 wait 32
At time 702 process 49 resumed arr 240 total 29 remain 11 wait 41
At time 703 process 49 stopped arr 240 total 29 remain 10 wait 41
At time 703 process 50 resumed arr 243 total 25 remain 7 wait 42
At time 704 process 50 stopped arr 243 total 25 remain 6 wait 42
At time 704 process 26 resumed arr 124 total 25 remain 3 wait 32
At time 705 process 26 stopped arr 124 total 25 remain 2 wait 32
At time 705 process 37 resumed arr 181 total 26 remain 6 wait 29
At time 706 process 37 stopped arr 181 total 26 remain 5 wait 29
At time 706 process 43 resumed arr 211 total 27 remain 8 wait 35
At time 707 process 43 stopped arr 211 total 27 remain 7 wait 35
At time 707 process 29 resumed arr 130 total 23 remain 1 wait 29
At time 708 process 29 finished arr 130 total 23 remain 0 wait 29 TA 578 WTA 25.13
At time 708 process 38 resumed arr 184 total 28 remain 8 wait 30
At time 709 process 38 stopped arr 184 total 28 remain 7 wait 30
At time 709 process 34 resumed arr 161 total 26 remain 5 wait 23
At time 710 process 34 stopped arr 161 total 26 remain 4 wait 23
At time 710 process 44 resumed arr 219 total 25 remain 6 wait 37
At time 711 process 44 stopped arr 219 total 25 remain 5 wait 37
At time 711 process 39 resumed arr 192 total 28 remain 8 wait 32
At time 712 process 39 stopped arr 192 total 28 remain 7 wait 32
At time 712 process 49 resumed arr 240 total 29 remain 10 wait 41
At time 713 process 49 stopped arr 240 total 29 remain 9 wait 41
At time 713 process 50 resumed arr 243 total 25 remain 6 wait 42
At time 714 process 50 stopped arr 243 total 25 remain 5 wait 42
At time 714 process 26 resumed arr 124 total 25 remain 2 wait 32
At time 715 process 26 stopped arr 124 total 25 remain 1 wait 32
At time 715 process 37 resumed arr 181 total 26 remain 5 wait 29
At time 716 process 37 stopped arr 181 total 26 remain 4 wait 29
At time 716 process 43 resumed arr 211 total 27 remain 7 wait 35
At time 717 process 43 stopped arr 211 total 27 remain 6 wait 35
At time 717 process 38 resumed arr 184 total 28 remain 7 wait 30
At time 718 process 38 stopped arr 184 total 28 remain 6 wait 30
At time 718 process 34 resumed arr 161 total 26 remain 4 wait 23
At time 719 process 34 stopped arr 161 total 26 remain 3 wait 23
At time 719 process 44 resumed arr 219 total 25 remain 5 wait 37
At time 720 process 44 stopped arr 219 total 25 remain 4 wait 37
At time 720 process 39 resumed arr 192 total 28 remain 7 wait 32
At time 721 process 39 stopped arr 192 total 28 remain 6 wait 32
At time 721 process 49 resumed arr 240 total 29 remain 9 wait 41
At time 722 process 49 stopped arr 240 total 29 remain 8 wait 41
At time 722 process 50 resumed arr 243 total 25 remain 5 wait 42
At time 723 process 50 stopped arr 243 total 25 remain 4 wait 42
At time 723 process 26 resumed arr 124 total 25 remain 1 wait 32
At time 724 process 26 finished arr 124 total 25 remain 0 wait 32 TA 600 WTA 24.00
At time 724 process 37 resumed arr 181 total 26 remain 4 wait 29
At time 725 process 37 stopped arr 181 total 26 remain 3 wait 29
At time 725 process 43 resumed arr 211 total 27 remain 6 wait 35
At time 726 process 43 stopped arr 211 total 27 remain 5 wait 35
At time 726 process 38 resumed arr 184 total 28 remain 6 wait 30
At time 727 process 38 stopped arr 184 total 28 remain 5 wait 30
At time 727 process 34 resumed arr 161 total 26 remain 3 wait 23
At time 728 process 34 stopped arr 161 total 26 remain 2 wait 23
At time 728 process 44 resumed arr 219 total 25 remain 4 wait 37
At time 729 process 44 stopped arr 219 total 25 remain 3 wait 37
At time 729 process 39 resumed arr 192 total 28 remain 6 wait 32
At time 730 process 39 stopped arr 192 total 28 remain 5 wait 32
At time 730 process 49 resumed arr 240 total 29 remain 8 wait 41
At time 731 process 49 stopped arr 240 total 29 remain 7 wait 41
At time 731 process 50 resumed arr 243 total 25 remain 4 wait 42
At time 732 process 50 stopped arr 243 total 25 remain 3 wait 42
At time 732 process 37 resumed arr 181 total 26 remain 3 wait 29
At time 733 process 37 stopped arr 181 total 26 remain 2 wait 29
At time 733 process 43 resumed arr 211 total 27 remain 5 wait 35
At time 734 process 43 stopped arr 211 total 27 remain 4 wait 35
At time 734 process 38 resumed arr 184 total 28 remain 5 wait 30
At time 735 process 38 stopped arr 184 total 28 remain 4 wait 30
At time 735 process 34 resumed arr 161 total 26 remain 2 wait 23
At time 736 process 34 stopped arr 161 total 26 remain 1 wait 23
At time 736 process 44 resumed arr 219 total 25 remain 3 wait 37
At time 737 process 44 stopped arr 219 total 25 remain 2 wait 37
At time 737 process 39 resumed arr 192 total 28 remain 5 wait 32
At time 738 process 39 stopped arr 192 total 28 remain 4 wait 32
At time 738 process 49 resumed arr 240 total 29 remain 7 wait 41
At time 739 process 49 stopped arr 240 total 29 remain 6 wait 41
At time 739 process 50 resumed arr 243 total 25 remain 3 wait 42
At time 740 process 50 stopped arr 243 total 25 remain 2 wait 42
At time 740 process 37 resumed arr 181 total 26 remain 2 wait 29
At time 741 process 37 stopped arr 181 total 26 remain 1 wait 29
At time 741 process 43 resumed arr 211 total 27 remain 4 wait 35
At time 742 process 43 stopped arr 211 total 27 remain 3 wait 35
At time 742 process 38 resumed arr 184 total 28 remain 4 wait 30
At time 743 process 38 stopped arr 184 total 28 remain 3 wait 30
At time 743 process 34 resumed arr 161 total 26 remain 1 wait 23
At time 744 process 34 finished arr 161 total 26 remain 0 wait 23 TA 583 WTA 22.42
At time 744 process 44 resumed arr 219 total 25 remain 2 wait 37
At time 745 process 44 stopped arr 219 total 25 remain 1 wait 37
At time 745 process 39 resumed arr 192 total 28 remain 4 wait 32
At time 746 process 39 stopped arr 192 total 28 remain 3 wait 32
At time 746 process 49 resumed arr 240 total 29 remain 6 wait 41
At time 747 process 49 stopped arr 240 total 29 remain 5 wait 41
At time 747 process 50 resumed arr 243 total 25 remain 2 wait 42
At time 748 process 50 stopped arr 243 total 25 remain 1 wait 42
At time 748 process 37 resumed arr 181 total 26 remain 1 wait 29
At time 749 process 37 finished arr 181 total 26 remain 0 wait 29 TA 568 WTA 21.85
At time 749 process 43 resumed arr 211 total 27 remain 3 wait 35
At time 750 process 43 stopped arr 211 total 27 remain 2 wait 35
At time 750 process 38 resumed arr 184 total 28 remain 3 wait 30
At time 751 process 38 stopped arr 184 total 28 remain 2 wait 30
At time 751 process 44 resumed arr 219 total 25 remain 1 wait 37
At time 752 process 44 finished arr 219 total 25 remain 0 wait 37 TA 533 WTA 21.32
At time 752 process 39 resumed arr 192 total 28 remain 3 wait 32
At time 753 process 39 stopped arr 192 total 28 remain 2 wait 32
At time 753 process 49 resumed arr 240 total 29 remain 5 wait 41
At time 754 process 49 stopped arr 240 total 29 remain 4 wait 41
At time 754 process 50 resumed arr 243 total 25 remain 1 wait 42
At time 755 process 50 finished arr 243 total 25 remain 0 wait 42 TA 512 WTA 20.48
At time 755 process 43 resumed arr 211 total 27 remain 2 wait 35
At time 756 process 43 stopped arr 211 total 27 remain 1 wait 35
At time 756 process 38 resumed arr 184 total 28 remain 2 wait 30
At time 757 process 38 stopped arr 184 total 28 remain 1 wait 30
At time 757 process 39 resumed arr 192 total 28 remain 2 wait 32
At time 758 process 39 stopped arr 192 total 28 remain 1 wait 32
At time 758 process 49 resumed arr 240 total 29 remain 4 wait 41
At time 759 process 49 stopped arr 240 total 29 remain 3 wait 41
At time 759 process 43 resumed arr 211 total 27 remain 1 wait 35
At time 760 process 43 finished arr 211 total 27 remain 0 wait 35 TA 549 WTA 20.33
At time 760 process 38 resumed arr 184 total 28 remain 1 wait 30
At time 761 process 38 finished arr 184 total 28 remain 0 wait 30 TA 577 WTA 20.61
At time 761 process 39 resumed arr 192 total 28 remain 1 wait 32
At time 762 process 39 finished arr 192 total 28 remain 0 wait 32 TA 570 WTA 20.36
At time 762 process 49 resumed arr 240 total 29 remain 3 wait 41
At time 765 process 49 finished arr 240 total 29 remain 0 wait 41 TA 525 WTA 18.10
